#
# A fatal error has been detected by the Java Runtime Environment:
#
#  EXCEPTION_ACCESS_VIOLATION (0xc0000005) at pc=0x0000013496ae1115, pid=2716, tid=21544
#
# JRE version: OpenJDK Runtime Environment (11.0.12+7) (build 11.0.12+7-b1504.28-7817840)
# Java VM: OpenJDK 64-Bit Server VM (11.0.12+7-b1504.28-7817840, mixed mode, tiered, compressed oops, g1 gc, windows-amd64)
# Problematic frame:
# v  ~StubRoutines::atomic_add_long
#
# No core dump will be written. Minidumps are not enabled by default on client versions of Windows
#
# If you would like to submit a bug report, please visit:
#   https://bugreport.java.com/bugreport/crash.jsp
#

---------------  S U M M A R Y ------------

Command Line: --add-opens=java.base/java.util=ALL-UNNAMED --add-opens=java.base/java.lang=ALL-UNNAMED --add-opens=java.base/java.lang.invoke=ALL-UNNAMED --add-opens=java.base/java.util=ALL-UNNAMED --add-opens=java.prefs/java.util.prefs=ALL-UNNAMED --add-opens=java.prefs/java.util.prefs=ALL-UNNAMED --add-opens=java.base/java.nio.charset=ALL-UNNAMED --add-opens=java.base/java.net=ALL-UNNAMED --add-opens=java.base/java.util.concurrent.atomic=ALL-UNNAMED -Xmx2048m -Dfile.encoding=UTF-8 -Duser.country=RU -Duser.language=ru -Duser.variant org.gradle.launcher.daemon.bootstrap.GradleDaemon 7.0.2

Host: AMD Ryzen 5 3600 6-Core Processor              , 12 cores, 15G,  Windows 10 , 64 bit Build 19041 (10.0.19041.1806)
Time: Wed Jul 27 17:37:34 2022 RTZ 2 (зима) elapsed time: 7320.205571 seconds (0d 2h 2m 0s)

---------------  T H R E A D  ---------------

Current thread (0x00000134af5fa800):  GCTaskThread "GC Thread#2" [stack: 0x0000000faef00000,0x0000000faf000000] [id=21544]

Stack: [0x0000000faef00000,0x0000000faf000000],  sp=0x0000000faeffdb38,  free space=1014k
Native frames: (J=compiled Java code, j=interpreted, Vv=VM code, C=native code)
C  0x0000013496ae1115

JavaThread 0x00000134b4f90800 (nid = 21760) was being processed
Java frames: (J=compiled Java code, j=interpreted, Vv=VM code)
J 4681  jdk.internal.misc.Unsafe.park(ZJ)V java.base@11.0.12 (0 bytes) @ 0x000001349e84697b [0x000001349e846940+0x000000000000003b]
J 16024 c2 java.util.concurrent.locks.AbstractQueuedSynchronizer$ConditionObject.await()V java.base@11.0.12 (98 bytes) @ 0x000001349f0374f4 [0x000001349f037040+0x00000000000004b4]
J 20425 c2 java.util.concurrent.ThreadPoolExecutor.getTask()Ljava/lang/Runnable; java.base@11.0.12 (177 bytes) @ 0x000001349f33b234 [0x000001349f33ae80+0x00000000000003b4]
j  java.util.concurrent.ThreadPoolExecutor.runWorker(Ljava/util/concurrent/ThreadPoolExecutor$Worker;)V+26 java.base@11.0.12
j  java.util.concurrent.ThreadPoolExecutor$Worker.run()V+5 java.base@11.0.12
j  org.gradle.internal.concurrent.ThreadFactoryImpl$ManagedThreadRunnable.run()V+7
j  java.lang.Thread.run()V+11 java.base@11.0.12
v  ~StubRoutines::call_stub

siginfo: EXCEPTION_ACCESS_VIOLATION (0xc0000005), writing address 0x0000013495fdf6f0


Register to memory mapping:

RIP=0x0000013496ae1115 is at begin+3 in a stub
StubRoutines::atomic_add_long [0x0000013496ae1112, 0x0000013496ae111e[ (12 bytes)
RAX=0x0000000000000002 is an unknown value
RBX=0x0000013491850f70 points into unknown readable memory: 0x00000134008f3c00 | 00 3c 8f 00 34 01 00 00
RCX=0x0000000000000002 is an unknown value
RDX=0x0000013495fdf6f0 points into unknown readable memory: 0xc4c6cf9227f13cfa | fa 3c f1 27 92 cf c6 c4
RSP=0x0000000faeffdb38 points into unknown readable memory: 0x00007ff81749080e | 0e 08 49 17 f8 7f 00 00
RBP=0x0000013491840dd0 points into unknown readable memory: 0x0000013491849800 | 00 98 84 91 34 01 00 00
RSI=0x0000000001d8ac00 is an unknown value
RDI=0x0000013491850e18 points into unknown readable memory: 0x00000134918416f0 | f0 16 84 91 34 01 00 00
R8 =0x00000000008f3c00 is an unknown value
R9 =0x000000010018d408 is a pointer to class: 
java.util.concurrent.ThreadPoolExecutor$Worker {0x000000010018d410}
R10=0x0000013491840dd0 points into unknown readable memory: 0x0000013491849800 | 00 98 84 91 34 01 00 00
R11=0x00000134b5174c58 points into unknown readable memory: 0x00007ff8179e5958 | 58 59 9e 17 f8 7f 00 00
R12=0x00000134b56658f0 points into unknown readable memory: 0x0000000000000000 | 00 00 00 00 00 00 00 00
R13=0x0000000faeffdd30 points into unknown readable memory: 0x00000134b0972958 | 58 29 97 b0 34 01 00 00
R14=0x0 is NULL
R15=0x0000000000000008 is an unknown value


Registers:
RAX=0x0000000000000002, RBX=0x0000013491850f70, RCX=0x0000000000000002, RDX=0x0000013495fdf6f0
RSP=0x0000000faeffdb38, RBP=0x0000013491840dd0, RSI=0x0000000001d8ac00, RDI=0x0000013491850e18
R8 =0x00000000008f3c00, R9 =0x000000010018d408, R10=0x0000013491840dd0, R11=0x00000134b5174c58
R12=0x00000134b56658f0, R13=0x0000000faeffdd30, R14=0x0000000000000000, R15=0x0000000000000008
RIP=0x0000013496ae1115, EFLAGS=0x0000000000010202

Top of Stack: (sp=0x0000000faeffdb38)
0x0000000faeffdb38:   00007ff81749080e 0000000000000000
0x0000000faeffdb48:   00007ff81748bf14 0000000000000006
0x0000000faeffdb58:   000000008b504305 0000000000000006
0x0000000faeffdb68:   00007ff817492317 0000000001d8ac00
0x0000000faeffdb78:   0000000000000001 000000008b504304
0x0000000faeffdb88:   00007ff8174b7862 0000000faeffdcc8
0x0000000faeffdb98:   00007ff8174c83ff 0000000fb24fee58
0x0000000faeffdba8:   00000134b5174c58 0000000081d8ac00
0x0000000faeffdbb8:   0000000000000008 0000000000000000
0x0000000faeffdbc8:   00007ff8174922aa 00000134b5174c58
0x0000000faeffdbd8:   00007ff8174c7b86 0000000080fd4598
0x0000000faeffdbe8:   000000000000001a 0000000000000000
0x0000000faeffdbf8:   00000134b56658f0 0000000000000001
0x0000000faeffdc08:   00007ff81779b709 0000000000000004
0x0000000faeffdc18:   000000000000a855 000000000000001a
0x0000000faeffdc28:   0000000faeffdd30 00000134b5174cd0 

Instructions: (pc=0x0000013496ae1115)
0x0000013496ae1015:   55 20 83 fa 0c 0f 84 90 00 00 00 83 fa 0b 0f 84
0x0000013496ae1025:   87 00 00 00 83 fa 06 0f 84 83 00 00 00 83 fa 07
0x0000013496ae1035:   0f 84 80 00 00 00 89 01 48 8d a5 28 fe ff ff c5
0x0000013496ae1045:   fa 6f 75 b8 c5 fa 6f 7d a8 c5 7a 6f 45 98 c5 7a
0x0000013496ae1055:   6f 4d 88 c5 7a 6f 95 78 ff ff ff c5 7a 6f 9d 68
0x0000013496ae1065:   ff ff ff c5 7a 6f a5 58 ff ff ff c5 7a 6f ad 48
0x0000013496ae1075:   ff ff ff c5 7a 6f b5 38 ff ff ff c5 7a 6f bd 28
0x0000013496ae1085:   ff ff ff 4c 8b 7d c8 4c 8b 75 d0 4c 8b 6d d8 4c
0x0000013496ae1095:   8b 65 e0 48 8b 5d f8 48 8b 7d e8 48 8b 75 f0 48
0x0000013496ae10a5:   81 c4 d8 01 00 00 c5 f8 77 5d c3 48 89 01 eb 88
0x0000013496ae10b5:   c5 fa 11 01 eb 82 c5 fb 11 01 e9 79 ff ff ff 49
0x0000013496ae10c5:   89 47 08 49 ba c0 8a a3 17 f8 7f 00 00 4d 89 57
0x0000013496ae10d5:   10 41 c7 47 18 da 01 00 00 e9 2d ff ff ff 8b c1
0x0000013496ae10e5:   87 02 c3 48 8b c1 48 87 02 c3 41 8b c0 f0 0f b1
0x0000013496ae10f5:   0a c3 49 0f be c0 f0 0f b0 0a c3 49 8b c0 f0 48
0x0000013496ae1105:   0f b1 0a c3 8b c1 f0 0f c1 0a 03 c1 c3 48 8b c1
0x0000013496ae1115:   f0 48 0f c1 0a 48 03 c1 c3 f0 83 44 24 c0 00 c3
0x0000013496ae1125:   55 48 8b ec 48 8b 45 00 48 8b 00 5d c3 48 8b c4
0x0000013496ae1135:   48 83 c0 08 c3 c3 0f 1f 44 00 00 55 48 8b ec 49
0x0000013496ae1145:   b9 30 17 b7 17 f8 7f 00 00 f7 d1 41 83 f8 10 0f
0x0000013496ae1155:   8c 38 02 00 00 44 8b da 41 83 e3 0f 74 23 41 83
0x0000013496ae1165:   eb 10 45 03 c3 66 90 0f be 02 33 c1 81 e0 ff 00
0x0000013496ae1175:   00 00 c1 e9 08 41 33 0c 81 48 ff c2 41 ff c3 7c
0x0000013496ae1185:   e6 45 8b d8 41 c1 e8 04 0f 84 fc 01 00 00 c5 f9
0x0000013496ae1195:   6f 0a c5 f9 7e c8 33 c8 c4 e3 71 22 c9 00 48 83
0x0000013496ae11a5:   c2 10 41 83 e8 04 0f 8c d7 00 00 00 c5 f9 6f 12
0x0000013496ae11b5:   c5 f9 6f 5a 10 c5 f9 6f 62 20 48 83 c2 30 41 83
0x0000013496ae11c5:   e8 03 0f 8e 70 00 00 00 49 ba 20 17 b7 17 f8 7f
0x0000013496ae11d5:   00 00 c4 c1 7a 6f 02 0f 1f 40 00 c4 e3 79 44 e9
0x0000013496ae11e5:   11 c4 e3 79 44 c9 00 c5 f1 ef 0a c5 f1 ef cd c4
0x0000013496ae11f5:   e3 79 44 ea 11 c4 e3 79 44 d2 00 c5 e9 ef 52 10
0x0000013496ae1205:   c5 e9 ef d5 c4 e3 79 44 eb 11 c4 e3 79 44 db 00 


Stack slot to memory mapping:
stack at sp + 0 slots: 0x00007ff81749080e jvm.dll
stack at sp + 1 slots: 0x0 is NULL
stack at sp + 2 slots: 0x00007ff81748bf14 jvm.dll
stack at sp + 3 slots: 0x0000000000000006 is an unknown value
stack at sp + 4 slots: 
[error occurred during error reporting (inspecting top of stack), id 0xc0000005, EXCEPTION_ACCESS_VIOLATION (0xc0000005) at pc=0x00007ff817341a86]

StubRoutines::atomic_add_long [0x0000013496ae1112, 0x0000013496ae111e[ (12 bytes)
---------------  P R O C E S S  ---------------

Threads class SMR info:
_java_thread_list=0x00000134bc7376e0, length=106, elements={
0x00000134917fc000, 0x00000134ae8e7800, 0x00000134ae8f0800, 0x00000134ae90a800,
0x00000134ae90b800, 0x00000134ae90d000, 0x00000134ae954800, 0x00000134ae95f800,
0x00000134ae964800, 0x00000134aead2800, 0x00000134b0193800, 0x00000134b1dad800,
0x00000134aec74800, 0x00000134b00c2000, 0x00000134b00c3000, 0x00000134b00c4800,
0x00000134b11ed800, 0x00000134b11eb000, 0x00000134b11ec800, 0x00000134b11e9800,
0x00000134b11f3800, 0x00000134b11f5800, 0x00000134b11f4000, 0x00000134b4fb2800,
0x00000134b4f96000, 0x00000134b4f91000, 0x00000134b4f92000, 0x00000134b4f90800,
0x00000134b4f93800, 0x00000134b4f95000, 0x00000134b4f98800, 0x00000134b4f97800,
0x00000134b4f94800, 0x00000134b4f9b000, 0x00000134af03f000, 0x00000134af048000,
0x00000134af045800, 0x00000134af046800, 0x00000134b11ea800, 0x00000134b1938800,
0x00000134af049800, 0x00000134b193d800, 0x00000134b1944800, 0x00000134b52f6800,
0x00000134b1947000, 0x00000134b193c800, 0x00000134b5304800, 0x00000134b5303000,
0x00000134b52ff800, 0x00000134af040000, 0x00000134b5304000, 0x00000134af04c000,
0x00000134af041800, 0x00000134af042800, 0x00000134b1940800, 0x00000134b1943000,
0x00000134b1942000, 0x00000134b1944000, 0x00000134b1939000, 0x00000134af04b800,
0x00000134af049000, 0x00000134b1946000, 0x00000134b01bb000, 0x00000134b52fc800,
0x00000134b52fe000, 0x00000134b11e8800, 0x00000134b11ef000, 0x00000134b11f2800,
0x00000134b11f6800, 0x00000134b11f5000, 0x00000134b11f1000, 0x00000134b11f7800,
0x00000134b11f1800, 0x00000134b01b9800, 0x00000134b01b7000, 0x00000134b01bc000,
0x00000134b01bd800, 0x00000134b01b8000, 0x00000134b01bd000, 0x00000134b01be800,
0x00000134b01b9000, 0x00000134b01bf800, 0x00000134b01c0000, 0x00000134b01ba800,
0x00000134b01c6000, 0x00000134b01c5000, 0x00000134b01c1000, 0x00000134b01c3800,
0x00000134b01c4000, 0x00000134b01c2000, 0x00000134b01c2800, 0x00000134b52f9000,
0x00000134b52fb000, 0x00000134b52fd000, 0x00000134b52f7800, 0x00000134b52f8800,
0x00000134b5300800, 0x00000134b52ff000, 0x00000134b5301800, 0x00000134b52fb800,
0x00000134b5305800, 0x00000134b5302000, 0x00000134b4fb3800, 0x00000134b4fb1000,
0x00000134b4faf800, 0x00000134b4fb6000
}

Java Threads: ( => current thread )
  0x00000134917fc000 JavaThread "main" [_thread_blocked, id=17604, stack(0x0000000fadc00000,0x0000000fadd00000)]
  0x00000134ae8e7800 JavaThread "Reference Handler" daemon [_thread_blocked, id=21464, stack(0x0000000fae300000,0x0000000fae400000)]
  0x00000134ae8f0800 JavaThread "Finalizer" daemon [_thread_blocked, id=21736, stack(0x0000000fae400000,0x0000000fae500000)]
  0x00000134ae90a800 JavaThread "Signal Dispatcher" daemon [_thread_blocked, id=6968, stack(0x0000000fae500000,0x0000000fae600000)]
  0x00000134ae90b800 JavaThread "Attach Listener" daemon [_thread_blocked, id=16040, stack(0x0000000fae600000,0x0000000fae700000)]
  0x00000134ae90d000 JavaThread "Service Thread" daemon [_thread_blocked, id=10596, stack(0x0000000fae700000,0x0000000fae800000)]
  0x00000134ae954800 JavaThread "C2 CompilerThread0" daemon [_thread_in_native, id=10488, stack(0x0000000fae800000,0x0000000fae900000)]
  0x00000134ae95f800 JavaThread "C1 CompilerThread0" daemon [_thread_blocked, id=21208, stack(0x0000000fae900000,0x0000000faea00000)]
  0x00000134ae964800 JavaThread "Sweeper thread" daemon [_thread_blocked, id=13452, stack(0x0000000faea00000,0x0000000faeb00000)]
  0x00000134aead2800 JavaThread "Common-Cleaner" daemon [_thread_blocked, id=16808, stack(0x0000000faeb00000,0x0000000faec00000)]
  0x00000134b0193800 JavaThread "Daemon health stats" [_thread_blocked, id=6936, stack(0x0000000faf400000,0x0000000faf500000)]
  0x00000134b1dad800 JavaThread "Incoming local TCP Connector on port 64197" [_thread_in_native, id=19784, stack(0x0000000faed00000,0x0000000faee00000)]
  0x00000134aec74800 JavaThread "Daemon periodic checks" [_thread_blocked, id=22384, stack(0x0000000faf300000,0x0000000faf400000)]
  0x00000134b00c2000 JavaThread "Cache worker for file hash cache (C:\Users\Polina\.gradle\caches\7.0.2\fileHashes)" [_thread_blocked, id=3432, stack(0x0000000fafc00000,0x0000000fafd00000)]
  0x00000134b00c3000 JavaThread "File lock request listener" [_thread_in_native, id=15372, stack(0x0000000fafd00000,0x0000000fafe00000)]
  0x00000134b00c4800 JavaThread "Cache worker for journal cache (C:\Users\Polina\.gradle\caches\journal-1)" [_thread_blocked, id=3212, stack(0x0000000fb0400000,0x0000000fb0500000)]
  0x00000134b11ed800 JavaThread "File watcher server" daemon [_thread_blocked, id=15964, stack(0x0000000fb0700000,0x0000000fb0800000)]
  0x00000134b11eb000 JavaThread "File watcher consumer" daemon [_thread_blocked, id=7084, stack(0x0000000fb0800000,0x0000000fb0900000)]
  0x00000134b11ec800 JavaThread "Cache worker for execution history cache (C:\Users\Polina\.gradle\caches\7.0.2\executionHistory)" [_thread_blocked, id=13572, stack(0x0000000fb0d00000,0x0000000fb0e00000)]
  0x00000134b11e9800 JavaThread "jar transforms" [_thread_blocked, id=7912, stack(0x0000000fb0e00000,0x0000000fb0f00000)]
  0x00000134b11f3800 JavaThread "jar transforms Thread 2" [_thread_blocked, id=13012, stack(0x0000000fb0f00000,0x0000000fb1000000)]
  0x00000134b11f5800 JavaThread "Cache worker for file content cache (C:\Users\Polina\.gradle\caches\7.0.2\fileContent)" [_thread_blocked, id=22808, stack(0x0000000fb1000000,0x0000000fb1100000)]
  0x00000134b11f4000 JavaThread "jar transforms Thread 3" [_thread_blocked, id=14632, stack(0x0000000fb1200000,0x0000000fb1300000)]
  0x00000134b4fb2800 JavaThread "jar transforms Thread 4" [_thread_blocked, id=4772, stack(0x0000000fb2000000,0x0000000fb2100000)]
  0x00000134b4f96000 JavaThread "jar transforms Thread 5" [_thread_blocked, id=4572, stack(0x0000000fb2100000,0x0000000fb2200000)]
  0x00000134b4f91000 JavaThread "jar transforms Thread 6" [_thread_blocked, id=12308, stack(0x0000000fb2200000,0x0000000fb2300000)]
  0x00000134b4f92000 JavaThread "jar transforms Thread 7" [_thread_blocked, id=16740, stack(0x0000000fb2300000,0x0000000fb2400000)]
  0x00000134b4f90800 JavaThread "jar transforms Thread 8" [_thread_blocked, id=21760, stack(0x0000000fb2400000,0x0000000fb2500000)]
  0x00000134b4f93800 JavaThread "jar transforms Thread 9" [_thread_blocked, id=16804, stack(0x0000000fb2500000,0x0000000fb2600000)]
  0x00000134b4f95000 JavaThread "jar transforms Thread 10" [_thread_blocked, id=18392, stack(0x0000000fb2600000,0x0000000fb2700000)]
  0x00000134b4f98800 JavaThread "jar transforms Thread 11" [_thread_blocked, id=16704, stack(0x0000000fb2700000,0x0000000fb2800000)]
  0x00000134b4f97800 JavaThread "jar transforms Thread 12" [_thread_blocked, id=21660, stack(0x0000000fb2800000,0x0000000fb2900000)]
  0x00000134b4f94800 JavaThread "Memory manager" [_thread_blocked, id=22584, stack(0x0000000fb2900000,0x0000000fb2a00000)]
  0x00000134b4f9b000 JavaThread "pool-3-thread-1" [_thread_blocked, id=21896, stack(0x0000000fb2b00000,0x0000000fb2c00000)]
  0x00000134af03f000 JavaThread "RMI Scheduler(0)" daemon [_thread_blocked, id=22052, stack(0x0000000fb0500000,0x0000000fb0600000)]
  0x00000134af048000 JavaThread "RMI GC Daemon" daemon [_thread_blocked, id=21892, stack(0x0000000fb3b00000,0x0000000fb3c00000)]
  0x00000134af045800 JavaThread "RMI TCP Accept-0" daemon [_thread_in_native, id=13840, stack(0x0000000fb3c00000,0x0000000fb3d00000)]
  0x00000134af046800 JavaThread "RMI Reaper" [_thread_blocked, id=22400, stack(0x0000000fb3d00000,0x0000000fb3e00000)]
  0x00000134b11ea800 JavaThread "pool-7-thread-1" [_thread_blocked, id=23396, stack(0x0000000fb2c00000,0x0000000fb2d00000)]
  0x00000134b1938800 JavaThread "pool-11-thread-1" [_thread_blocked, id=9708, stack(0x0000000fb1f00000,0x0000000fb2000000)]
  0x00000134af049800 JavaThread "pool-15-thread-1" [_thread_blocked, id=23584, stack(0x0000000fb2a00000,0x0000000fb2b00000)]
  0x00000134b193d800 JavaThread "pool-19-thread-1" [_thread_blocked, id=22504, stack(0x0000000fb1e00000,0x0000000fb1f00000)]
  0x00000134b1944800 JavaThread "pool-23-thread-1" [_thread_blocked, id=22560, stack(0x0000000fb3000000,0x0000000fb3100000)]
  0x00000134b52f6800 JavaThread "pool-27-thread-1" [_thread_blocked, id=15896, stack(0x0000000fb3100000,0x0000000fb3200000)]
  0x00000134b1947000 JavaThread "pool-31-thread-1" [_thread_blocked, id=23356, stack(0x0000000fb3300000,0x0000000fb3400000)]
  0x00000134b193c800 JavaThread "pool-35-thread-1" [_thread_blocked, id=23776, stack(0x0000000fb2e00000,0x0000000fb2f00000)]
  0x00000134b5304800 JavaThread "pool-38-thread-1" [_thread_blocked, id=23544, stack(0x0000000fb2f00000,0x0000000fb3000000)]
  0x00000134b5303000 JavaThread "pool-42-thread-1" [_thread_blocked, id=1716, stack(0x0000000fb2d00000,0x0000000fb2e00000)]
  0x00000134b52ff800 JavaThread "pool-46-thread-1" [_thread_blocked, id=15780, stack(0x0000000fb3400000,0x0000000fb3500000)]
  0x00000134af040000 JavaThread "pool-50-thread-1" [_thread_blocked, id=21836, stack(0x0000000fb3600000,0x0000000fb3700000)]
  0x00000134b5304000 JavaThread "pool-54-thread-1" [_thread_blocked, id=16872, stack(0x0000000fb3700000,0x0000000fb3800000)]
  0x00000134af04c000 JavaThread "pool-58-thread-1" [_thread_blocked, id=22480, stack(0x0000000fb3500000,0x0000000fb3600000)]
  0x00000134af041800 JavaThread "pool-62-thread-1" [_thread_blocked, id=22232, stack(0x0000000fb3a00000,0x0000000fb3b00000)]
  0x00000134af042800 JavaThread "pool-66-thread-1" [_thread_blocked, id=24416, stack(0x0000000fb3800000,0x0000000fb3900000)]
  0x00000134b1940800 JavaThread "pool-70-thread-1" [_thread_blocked, id=15444, stack(0x0000000fb3e00000,0x0000000fb3f00000)]
  0x00000134b1943000 JavaThread "pool-74-thread-1" [_thread_blocked, id=23664, stack(0x0000000fb3f00000,0x0000000fb4000000)]
  0x00000134b1942000 JavaThread "pool-78-thread-1" [_thread_blocked, id=20560, stack(0x0000000fb4000000,0x0000000fb4100000)]
  0x00000134b1944000 JavaThread "pool-82-thread-1" [_thread_blocked, id=3640, stack(0x0000000fb4100000,0x0000000fb4200000)]
  0x00000134b1939000 JavaThread "pool-85-thread-1" [_thread_blocked, id=12748, stack(0x0000000fb4200000,0x0000000fb4300000)]
  0x00000134af04b800 JavaThread "pool-88-thread-1" [_thread_blocked, id=23012, stack(0x0000000fb4600000,0x0000000fb4700000)]
  0x00000134af049000 JavaThread "pool-92-thread-1" [_thread_blocked, id=18580, stack(0x0000000fb4300000,0x0000000fb4400000)]
  0x00000134b1946000 JavaThread "pool-95-thread-1" [_thread_blocked, id=20848, stack(0x0000000fb4400000,0x0000000fb4500000)]
  0x00000134b01bb000 JavaThread "ForkJoinPool.commonPool-worker-25" daemon [_thread_blocked, id=18180, stack(0x0000000fb6f00000,0x0000000fb7000000)]
  0x00000134b52fc800 JavaThread "pool-99-thread-1" [_thread_blocked, id=20248, stack(0x0000000fb4500000,0x0000000fb4600000)]
  0x00000134b52fe000 JavaThread "pool-103-thread-1" [_thread_blocked, id=20240, stack(0x0000000fb4700000,0x0000000fb4800000)]
  0x00000134b11e8800 JavaThread "Daemon Thread 16" [_thread_blocked, id=16208, stack(0x0000000fad900000,0x0000000fada00000)]
  0x00000134b11ef000 JavaThread "Handler for socket connection from /127.0.0.1:64197 to /127.0.0.1:58336" [_thread_in_native, id=20392, stack(0x0000000fada00000,0x0000000fadb00000)]
  0x00000134b11f2800 JavaThread "Cancel handler" [_thread_blocked, id=176, stack(0x0000000fadb00000,0x0000000fadc00000)]
  0x00000134b11f6800 JavaThread "Daemon worker Thread 16" [_thread_blocked, id=2480, stack(0x0000000faf500000,0x0000000faf600000)]
  0x00000134b11f5000 JavaThread "Asynchronous log dispatcher for DefaultDaemonConnection: socket connection from /127.0.0.1:64197 to /127.0.0.1:58336" [_thread_blocked, id=15276, stack(0x0000000faf600000,0x0000000faf700000)]
  0x00000134b11f1000 JavaThread "Stdin handler" [_thread_blocked, id=16448, stack(0x0000000faf700000,0x0000000faf800000)]
  0x00000134b11f7800 JavaThread "Daemon client event forwarder" [_thread_blocked, id=15840, stack(0x0000000faf800000,0x0000000faf900000)]
  0x00000134b11f1800 JavaThread "Cache worker for file hash cache (C:\Users\Polina\AndroidStudioProjects\22recycler\.gradle\7.0.2\fileHashes)" [_thread_blocked, id=21756, stack(0x0000000faf900000,0x0000000fafa00000)]
  0x00000134b01b9800 JavaThread "Cache worker for checksums cache (C:\Users\Polina\AndroidStudioProjects\22recycler\.gradle\checksums)" [_thread_blocked, id=7740, stack(0x0000000fafa00000,0x0000000fafb00000)]
  0x00000134b01b7000 JavaThread "Cache worker for cache directory md-supplier (C:\Users\Polina\.gradle\caches\7.0.2\md-supplier)" [_thread_blocked, id=16596, stack(0x0000000fafb00000,0x0000000fafc00000)]
  0x00000134b01bc000 JavaThread "Cache worker for cache directory md-rule (C:\Users\Polina\.gradle\caches\7.0.2\md-rule)" [_thread_blocked, id=1540, stack(0x0000000fb0600000,0x0000000fb0700000)]
  0x00000134b01bd800 JavaThread "Cache worker for dependencies-accessors (C:\Users\Polina\AndroidStudioProjects\22recycler\.gradle\7.0.2\dependencies-accessors)" [_thread_blocked, id=22080, stack(0x0000000fb0900000,0x0000000fb0a00000)]
  0x00000134b01b8000 JavaThread "Cache worker for Build Output Cleanup Cache (C:\Users\Polina\AndroidStudioProjects\22recycler\.gradle\buildOutputCleanup)" [_thread_blocked, id=21628, stack(0x0000000fb0a00000,0x0000000fb0b00000)]
  0x00000134b01bd000 JavaThread "Build operations" [_thread_blocked, id=22772, stack(0x0000000fb0b00000,0x0000000fb0c00000)]
  0x00000134b01be800 JavaThread "Build operations Thread 2" [_thread_blocked, id=23656, stack(0x0000000fb0c00000,0x0000000fb0d00000)]
  0x00000134b01b9000 JavaThread "Build operations Thread 3" [_thread_blocked, id=13008, stack(0x0000000fb1100000,0x0000000fb1200000)]
  0x00000134b01bf800 JavaThread "Build operations Thread 4" [_thread_blocked, id=18576, stack(0x0000000fb1300000,0x0000000fb1400000)]
  0x00000134b01c0000 JavaThread "Build operations Thread 5" [_thread_blocked, id=13236, stack(0x0000000fb1400000,0x0000000fb1500000)]
  0x00000134b01ba800 JavaThread "Build operations Thread 6" [_thread_blocked, id=19452, stack(0x0000000fb1500000,0x0000000fb1600000)]
  0x00000134b01c6000 JavaThread "Build operations Thread 7" [_thread_blocked, id=1384, stack(0x0000000fb1600000,0x0000000fb1700000)]
  0x00000134b01c5000 JavaThread "Build operations Thread 8" [_thread_blocked, id=10076, stack(0x0000000fb1700000,0x0000000fb1800000)]
  0x00000134b01c1000 JavaThread "Build operations Thread 9" [_thread_blocked, id=9480, stack(0x0000000fb1800000,0x0000000fb1900000)]
  0x00000134b01c3800 JavaThread "Build operations Thread 10" [_thread_blocked, id=21576, stack(0x0000000fb1900000,0x0000000fb1a00000)]
  0x00000134b01c4000 JavaThread "Build operations Thread 11" [_thread_blocked, id=22068, stack(0x0000000fb1a00000,0x0000000fb1b00000)]
  0x00000134b01c2000 JavaThread "Build operations Thread 12" [_thread_blocked, id=19788, stack(0x0000000fb1b00000,0x0000000fb1c00000)]
  0x00000134b01c2800 JavaThread "C2 CompilerThread1" daemon [_thread_blocked, id=22500, stack(0x0000000fb1c00000,0x0000000fb1d00000)]
  0x00000134b52f9000 JavaThread "build event listener" [_thread_blocked, id=21388, stack(0x0000000fb1d00000,0x0000000fb1e00000)]
  0x00000134b52fb000 JavaThread "pool-107-thread-1" [_thread_blocked, id=6916, stack(0x0000000fb3200000,0x0000000fb3300000)]
  0x00000134b52fd000 JavaThread "build event listener" [_thread_blocked, id=1812, stack(0x0000000fb4800000,0x0000000fb4900000)]
  0x00000134b52f7800 JavaThread "Execution worker for ':'" [_thread_blocked, id=1184, stack(0x0000000fb4900000,0x0000000fb4a00000)]
  0x00000134b52f8800 JavaThread "Execution worker for ':' Thread 2" [_thread_blocked, id=24076, stack(0x0000000fb4a00000,0x0000000fb4b00000)]
  0x00000134b5300800 JavaThread "Execution worker for ':' Thread 3" [_thread_blocked, id=2988, stack(0x0000000fb4b00000,0x0000000fb4c00000)]
  0x00000134b52ff000 JavaThread "Execution worker for ':' Thread 4" [_thread_blocked, id=5188, stack(0x0000000fb4c00000,0x0000000fb4d00000)]
  0x00000134b5301800 JavaThread "Execution worker for ':' Thread 5" [_thread_blocked, id=10828, stack(0x0000000fb4d00000,0x0000000fb4e00000)]
  0x00000134b52fb800 JavaThread "Execution worker for ':' Thread 6" [_thread_blocked, id=3988, stack(0x0000000fb4e00000,0x0000000fb4f00000)]
  0x00000134b5305800 JavaThread "Execution worker for ':' Thread 7" [_thread_blocked, id=23208, stack(0x0000000fb4f00000,0x0000000fb5000000)]
  0x00000134b5302000 JavaThread "Execution worker for ':' Thread 8" [_thread_blocked, id=10340, stack(0x0000000fb5000000,0x0000000fb5100000)]
  0x00000134b4fb3800 JavaThread "Execution worker for ':' Thread 9" [_thread_blocked, id=15180, stack(0x0000000fb5100000,0x0000000fb5200000)]
  0x00000134b4fb1000 JavaThread "Execution worker for ':' Thread 10" [_thread_blocked, id=20976, stack(0x0000000fb5200000,0x0000000fb5300000)]
  0x00000134b4faf800 JavaThread "Execution worker for ':' Thread 11" [_thread_blocked, id=13812, stack(0x0000000fb5300000,0x0000000fb5400000)]
  0x00000134b4fb6000 JavaThread "Cache worker for execution history cache (C:\Users\Polina\AndroidStudioProjects\22recycler\.gradle\7.0.2\executionHistory)" [_thread_blocked, id=9196, stack(0x0000000fb5400000,0x0000000fb5500000)]

Other Threads:
  0x00000134ae8e3800 VMThread "VM Thread" [stack: 0x0000000fae200000,0x0000000fae300000] [id=21712]
  0x00000134aead5800 WatcherThread [stack: 0x0000000faec00000,0x0000000faed00000] [id=13136]
  0x0000013491816000 GCTaskThread "GC Thread#0" [stack: 0x0000000fadd00000,0x0000000fade00000] [id=11132]
  0x00000134af6ea800 GCTaskThread "GC Thread#1" [stack: 0x0000000faee00000,0x0000000faef00000] [id=22752]
=>0x00000134af5fa800 GCTaskThread "GC Thread#2" [stack: 0x0000000faef00000,0x0000000faf000000] [id=21544]
  0x00000134af695800 GCTaskThread "GC Thread#3" [stack: 0x0000000faf000000,0x0000000faf100000] [id=12700]
  0x00000134af6d6800 GCTaskThread "GC Thread#4" [stack: 0x0000000faf100000,0x0000000faf200000] [id=22828]
  0x00000134af74f800 GCTaskThread "GC Thread#5" [stack: 0x0000000faf200000,0x0000000faf300000] [id=9748]
  0x00000134b1330000 GCTaskThread "GC Thread#6" [stack: 0x0000000fafe00000,0x0000000faff00000] [id=8048]
  0x00000134b1df5000 GCTaskThread "GC Thread#7" [stack: 0x0000000faff00000,0x0000000fb0000000] [id=18760]
  0x00000134b1b1a800 GCTaskThread "GC Thread#8" [stack: 0x0000000fb0000000,0x0000000fb0100000] [id=8848]
  0x00000134b0b9f800 GCTaskThread "GC Thread#9" [stack: 0x0000000fb0100000,0x0000000fb0200000] [id=14308]
  0x0000013491849800 ConcurrentGCThread "G1 Main Marker" [stack: 0x0000000fade00000,0x0000000fadf00000] [id=6084]
  0x000001349184b000 ConcurrentGCThread "G1 Conc#0" [stack: 0x0000000fadf00000,0x0000000fae000000] [id=11272]
  0x00000134b1e5c800 ConcurrentGCThread "G1 Conc#1" [stack: 0x0000000fb0200000,0x0000000fb0300000] [id=18016]
  0x00000134afe5c000 ConcurrentGCThread "G1 Conc#2" [stack: 0x0000000fb0300000,0x0000000fb0400000] [id=12092]
  0x00000134adf34800 ConcurrentGCThread "G1 Refine#0" [stack: 0x0000000fae000000,0x0000000fae100000] [id=10320]
  0x00000134b257b000 ConcurrentGCThread "G1 Refine#1" [stack: 0x0000000fb3900000,0x0000000fb3a00000] [id=22128]
  0x00000134adf35000 ConcurrentGCThread "G1 Young RemSet Sampling" [stack: 0x0000000fae100000,0x0000000fae200000] [id=22320]

Threads with active compile tasks:
C2 CompilerThread07320249 29578       4       org.gradle.api.internal.artifacts.ivyservice.resolutionstrategy.DefaultResolutionStrategy::<init> (36 bytes)

VM state:at safepoint (normal execution)

VM Mutex/Monitor currently owned by a thread:  ([mutex/lock_event])
[0x00000134917f7ff0] Threads_lock - owner thread: 0x00000134ae8e3800
[0x00000134917f8110] Heap_lock - owner thread: 0x00000134b5300800

Heap address: 0x0000000080000000, size: 2048 MB, Compressed Oops mode: 32-bit
Narrow klass base: 0x0000000000000000, Narrow klass shift: 3
Compressed class space size: 1073741824 Address: 0x0000000100000000

Heap:
 garbage-first heap   total 0K, used 184824K [0x0000000080000000, 0x0000000100000000)
  region size 0K, 74 young (0K), 1 survivors (0K)
 Metaspace       used 126733K, capacity 131645K, committed 131992K, reserved 1163264K
  class space    used 15642K, capacity 17386K, committed 17560K, reserved 1048576K
Heap Regions: E=young(eden), S=young(survivor), O=old, HS=humongous(starts), HC=humongous(continues), CS=collection set, F=free, A=archive, TAMS=top-at-mark-start (previous, next)
|   0|0x0000000080000000, 0x0000000080100000, 0x0000000080100000|100%| O|  |TAMS 0x0000000080100000, 0x0000000080100000| Untracked 
|   1|0x0000000080100000, 0x0000000080200000, 0x0000000080200000|100%| O|  |TAMS 0x0000000080200000, 0x0000000080200000| Untracked 
|   2|0x0000000080200000, 0x0000000080300000, 0x0000000080300000|100%| O|  |TAMS 0x0000000080300000, 0x0000000080300000| Untracked 
|   3|0x0000000080300000, 0x0000000080400000, 0x0000000080400000|100%|HS|  |TAMS 0x0000000080400000, 0x0000000080400000| Complete 
|   4|0x0000000080400000, 0x0000000080500000, 0x0000000080500000|100%|HC|  |TAMS 0x0000000080500000, 0x0000000080500000| Complete 
|   5|0x0000000080500000, 0x0000000080600000, 0x0000000080600000|100%|HC|  |TAMS 0x0000000080600000, 0x0000000080600000| Complete 
|   6|0x0000000080600000, 0x0000000080700000, 0x0000000080700000|100%| O|  |TAMS 0x0000000080700000, 0x0000000080700000| Untracked 
|   7|0x0000000080700000, 0x0000000080800000, 0x0000000080800000|100%| O|  |TAMS 0x0000000080800000, 0x0000000080800000| Untracked 
|   8|0x0000000080800000, 0x0000000080900000, 0x0000000080900000|100%| O|  |TAMS 0x0000000080900000, 0x0000000080900000| Untracked 
|   9|0x0000000080900000, 0x0000000080a00000, 0x0000000080a00000|100%| O|  |TAMS 0x0000000080a00000, 0x0000000080a00000| Untracked 
|  10|0x0000000080a00000, 0x0000000080b00000, 0x0000000080b00000|100%| O|  |TAMS 0x0000000080b00000, 0x0000000080b00000| Untracked 
|  11|0x0000000080b00000, 0x0000000080c00000, 0x0000000080c00000|100%| O|  |TAMS 0x0000000080c00000, 0x0000000080c00000| Untracked 
|  12|0x0000000080c00000, 0x0000000080d00000, 0x0000000080d00000|100%| O|  |TAMS 0x0000000080d00000, 0x0000000080d00000| Untracked 
|  13|0x0000000080d00000, 0x0000000080e00000, 0x0000000080e00000|100%| O|  |TAMS 0x0000000080e00000, 0x0000000080e00000| Untracked 
|  14|0x0000000080e00000, 0x0000000080f00000, 0x0000000080f00000|100%| O|  |TAMS 0x0000000080f00000, 0x0000000080f00000| Untracked 
|  15|0x0000000080f00000, 0x0000000081000000, 0x0000000081000000|100%| O|  |TAMS 0x0000000081000000, 0x0000000081000000| Untracked 
|  16|0x0000000081000000, 0x0000000081100000, 0x0000000081100000|100%|HS|  |TAMS 0x0000000081100000, 0x0000000081100000| Complete 
|  17|0x0000000081100000, 0x0000000081200000, 0x0000000081200000|100%|HS|  |TAMS 0x0000000081200000, 0x0000000081200000| Complete 
|  18|0x0000000081200000, 0x0000000081300000, 0x0000000081300000|100%|HS|  |TAMS 0x0000000081300000, 0x0000000081300000| Complete 
|  19|0x0000000081300000, 0x0000000081400000, 0x0000000081400000|100%|HS|  |TAMS 0x0000000081400000, 0x0000000081400000| Complete 
|  20|0x0000000081400000, 0x0000000081500000, 0x0000000081500000|100%|HC|  |TAMS 0x0000000081500000, 0x0000000081500000| Complete 
|  21|0x0000000081500000, 0x0000000081600000, 0x0000000081600000|100%|HC|  |TAMS 0x0000000081600000, 0x0000000081600000| Complete 
|  22|0x0000000081600000, 0x0000000081700000, 0x0000000081700000|100%|HS|  |TAMS 0x0000000081700000, 0x0000000081700000| Complete 
|  23|0x0000000081700000, 0x0000000081800000, 0x0000000081800000|100%|HC|  |TAMS 0x0000000081800000, 0x0000000081800000| Complete 
|  24|0x0000000081800000, 0x0000000081900000, 0x0000000081900000|100%| O|  |TAMS 0x0000000081900000, 0x0000000081900000| Untracked 
|  25|0x0000000081900000, 0x0000000081a00000, 0x0000000081a00000|100%| O|  |TAMS 0x0000000081a00000, 0x0000000081a00000| Untracked 
|  26|0x0000000081a00000, 0x0000000081b00000, 0x0000000081b00000|100%| O|  |TAMS 0x0000000081b00000, 0x0000000081b00000| Untracked 
|  27|0x0000000081b00000, 0x0000000081c00000, 0x0000000081c00000|100%| O|  |TAMS 0x0000000081c00000, 0x0000000081c00000| Untracked 
|  28|0x0000000081c00000, 0x0000000081d00000, 0x0000000081d00000|100%| O|  |TAMS 0x0000000081d00000, 0x0000000081d00000| Untracked 
|  29|0x0000000081d00000, 0x0000000081e00000, 0x0000000081e00000|100%| O|  |TAMS 0x0000000081e00000, 0x0000000081e00000| Untracked 
|  30|0x0000000081e00000, 0x0000000081f00000, 0x0000000081f00000|100%| O|  |TAMS 0x0000000081f00000, 0x0000000081f00000| Untracked 
|  31|0x0000000081f00000, 0x0000000082000000, 0x0000000082000000|100%| O|  |TAMS 0x0000000082000000, 0x0000000082000000| Untracked 
|  32|0x0000000082000000, 0x0000000082100000, 0x0000000082100000|100%| O|  |TAMS 0x0000000082100000, 0x0000000082100000| Untracked 
|  33|0x0000000082100000, 0x0000000082200000, 0x0000000082200000|100%| O|  |TAMS 0x0000000082200000, 0x0000000082200000| Untracked 
|  34|0x0000000082200000, 0x0000000082300000, 0x0000000082300000|100%| O|  |TAMS 0x0000000082300000, 0x0000000082300000| Untracked 
|  35|0x0000000082300000, 0x0000000082400000, 0x0000000082400000|100%| O|  |TAMS 0x0000000082400000, 0x0000000082400000| Untracked 
|  36|0x0000000082400000, 0x0000000082500000, 0x0000000082500000|100%| O|  |TAMS 0x0000000082500000, 0x0000000082500000| Untracked 
|  37|0x0000000082500000, 0x0000000082600000, 0x0000000082600000|100%| O|  |TAMS 0x0000000082600000, 0x0000000082600000| Untracked 
|  38|0x0000000082600000, 0x0000000082700000, 0x0000000082700000|100%| O|  |TAMS 0x0000000082700000, 0x0000000082700000| Untracked 
|  39|0x0000000082700000, 0x0000000082800000, 0x0000000082800000|100%| O|  |TAMS 0x0000000082800000, 0x0000000082800000| Untracked 
|  40|0x0000000082800000, 0x0000000082900000, 0x0000000082900000|100%| O|  |TAMS 0x0000000082900000, 0x0000000082900000| Untracked 
|  41|0x0000000082900000, 0x0000000082a00000, 0x0000000082a00000|100%| O|  |TAMS 0x0000000082a00000, 0x0000000082a00000| Untracked 
|  42|0x0000000082a00000, 0x0000000082b00000, 0x0000000082b00000|100%| O|  |TAMS 0x0000000082b00000, 0x0000000082b00000| Untracked 
|  43|0x0000000082b00000, 0x0000000082c00000, 0x0000000082c00000|100%| O|  |TAMS 0x0000000082c00000, 0x0000000082c00000| Untracked 
|  44|0x0000000082c00000, 0x0000000082d00000, 0x0000000082d00000|100%| O|  |TAMS 0x0000000082d00000, 0x0000000082d00000| Untracked 
|  45|0x0000000082d00000, 0x0000000082e00000, 0x0000000082e00000|100%| O|  |TAMS 0x0000000082e00000, 0x0000000082e00000| Untracked 
|  46|0x0000000082e00000, 0x0000000082f00000, 0x0000000082f00000|100%| O|  |TAMS 0x0000000082f00000, 0x0000000082f00000| Untracked 
|  47|0x0000000082f00000, 0x0000000082faea00, 0x0000000083000000| 68%| O|  |TAMS 0x0000000082f00000, 0x0000000083000000| Untracked 
|  48|0x0000000083000000, 0x0000000083100000, 0x0000000083100000|100%| O|  |TAMS 0x0000000083100000, 0x0000000083100000| Untracked 
|  49|0x0000000083100000, 0x0000000083200000, 0x0000000083200000|100%| O|  |TAMS 0x0000000083200000, 0x0000000083200000| Untracked 
|  50|0x0000000083200000, 0x0000000083300000, 0x0000000083300000|100%| O|  |TAMS 0x0000000083300000, 0x0000000083300000| Untracked 
|  51|0x0000000083300000, 0x0000000083400000, 0x0000000083400000|100%| O|  |TAMS 0x0000000083400000, 0x0000000083400000| Untracked 
|  52|0x0000000083400000, 0x0000000083500000, 0x0000000083500000|100%| O|  |TAMS 0x0000000083500000, 0x0000000083500000| Untracked 
|  53|0x0000000083500000, 0x0000000083500000, 0x0000000083600000|  0%| F|  |TAMS 0x0000000083500000, 0x0000000083500000| Untracked 
|  54|0x0000000083600000, 0x0000000083600000, 0x0000000083700000|  0%| F|  |TAMS 0x0000000083600000, 0x0000000083600000| Untracked 
|  55|0x0000000083700000, 0x0000000083800000, 0x0000000083800000|100%| O|  |TAMS 0x0000000083800000, 0x0000000083800000| Untracked 
|  56|0x0000000083800000, 0x0000000083800000, 0x0000000083900000|  0%| F|  |TAMS 0x0000000083800000, 0x0000000083800000| Untracked 
|  57|0x0000000083900000, 0x0000000083900000, 0x0000000083a00000|  0%| F|  |TAMS 0x0000000083900000, 0x0000000083900000| Untracked 
|  58|0x0000000083a00000, 0x0000000083b00000, 0x0000000083b00000|100%| O|  |TAMS 0x0000000083b00000, 0x0000000083b00000| Untracked 
|  59|0x0000000083b00000, 0x0000000083c00000, 0x0000000083c00000|100%| O|  |TAMS 0x0000000083c00000, 0x0000000083c00000| Untracked 
|  60|0x0000000083c00000, 0x0000000083d00000, 0x0000000083d00000|100%| O|  |TAMS 0x0000000083d00000, 0x0000000083d00000| Untracked 
|  61|0x0000000083d00000, 0x0000000083e00000, 0x0000000083e00000|100%| O|  |TAMS 0x0000000083e00000, 0x0000000083e00000| Untracked 
|  62|0x0000000083e00000, 0x0000000083f00000, 0x0000000083f00000|100%| O|  |TAMS 0x0000000083f00000, 0x0000000083f00000| Untracked 
|  63|0x0000000083f00000, 0x0000000083f00000, 0x0000000084000000|  0%| F|  |TAMS 0x0000000083f00000, 0x0000000083f00000| Untracked 
|  64|0x0000000084000000, 0x0000000084100000, 0x0000000084100000|100%| O|  |TAMS 0x0000000084100000, 0x0000000084100000| Untracked 
|  65|0x0000000084100000, 0x0000000084200000, 0x0000000084200000|100%| O|  |TAMS 0x0000000084200000, 0x0000000084200000| Untracked 
|  66|0x0000000084200000, 0x0000000084300000, 0x0000000084300000|100%| O|  |TAMS 0x0000000084300000, 0x0000000084300000| Untracked 
|  67|0x0000000084300000, 0x0000000084400000, 0x0000000084400000|100%| O|  |TAMS 0x0000000084400000, 0x0000000084400000| Untracked 
|  68|0x0000000084400000, 0x0000000084500000, 0x0000000084500000|100%| O|  |TAMS 0x0000000084500000, 0x0000000084500000| Untracked 
|  69|0x0000000084500000, 0x0000000084600000, 0x0000000084600000|100%| O|  |TAMS 0x0000000084600000, 0x0000000084600000| Untracked 
|  70|0x0000000084600000, 0x0000000084700000, 0x0000000084700000|100%| O|  |TAMS 0x0000000084700000, 0x0000000084700000| Untracked 
|  71|0x0000000084700000, 0x0000000084700000, 0x0000000084800000|  0%| F|  |TAMS 0x0000000084700000, 0x0000000084700000| Untracked 
|  72|0x0000000084800000, 0x0000000084900000, 0x0000000084900000|100%| O|  |TAMS 0x0000000084900000, 0x0000000084900000| Untracked 
|  73|0x0000000084900000, 0x0000000084a00000, 0x0000000084a00000|100%| O|  |TAMS 0x0000000084a00000, 0x0000000084a00000| Untracked 
|  74|0x0000000084a00000, 0x0000000084b00000, 0x0000000084b00000|100%| O|  |TAMS 0x0000000084b00000, 0x0000000084b00000| Untracked 
|  75|0x0000000084b00000, 0x0000000084b00000, 0x0000000084c00000|  0%| F|  |TAMS 0x0000000084b00000, 0x0000000084b00000| Untracked 
|  76|0x0000000084c00000, 0x0000000084c00000, 0x0000000084d00000|  0%| F|  |TAMS 0x0000000084c00000, 0x0000000084c00000| Untracked 
|  77|0x0000000084d00000, 0x0000000084e00000, 0x0000000084e00000|100%| O|  |TAMS 0x0000000084e00000, 0x0000000084e00000| Untracked 
|  78|0x0000000084e00000, 0x0000000084f00000, 0x0000000084f00000|100%| O|  |TAMS 0x0000000084f00000, 0x0000000084f00000| Untracked 
|  79|0x0000000084f00000, 0x0000000085000000, 0x0000000085000000|100%| O|  |TAMS 0x0000000085000000, 0x0000000085000000| Untracked 
|  80|0x0000000085000000, 0x0000000085100000, 0x0000000085100000|100%| O|  |TAMS 0x0000000085100000, 0x0000000085100000| Untracked 
|  81|0x0000000085100000, 0x0000000085200000, 0x0000000085200000|100%| O|  |TAMS 0x0000000085200000, 0x0000000085200000| Untracked 
|  82|0x0000000085200000, 0x0000000085200000, 0x0000000085300000|  0%| F|  |TAMS 0x0000000085200000, 0x0000000085200000| Untracked 
|  83|0x0000000085300000, 0x0000000085400000, 0x0000000085400000|100%| O|  |TAMS 0x0000000085400000, 0x0000000085400000| Untracked 
|  84|0x0000000085400000, 0x0000000085500000, 0x0000000085500000|100%| O|  |TAMS 0x0000000085500000, 0x0000000085500000| Untracked 
|  85|0x0000000085500000, 0x0000000085600000, 0x0000000085600000|100%| O|  |TAMS 0x0000000085600000, 0x0000000085600000| Untracked 
|  86|0x0000000085600000, 0x0000000085700000, 0x0000000085700000|100%| O|  |TAMS 0x0000000085700000, 0x0000000085700000| Untracked 
|  87|0x0000000085700000, 0x0000000085800000, 0x0000000085800000|100%| O|  |TAMS 0x0000000085800000, 0x0000000085800000| Untracked 
|  88|0x0000000085800000, 0x0000000085900000, 0x0000000085900000|100%| O|  |TAMS 0x0000000085900000, 0x0000000085900000| Untracked 
|  89|0x0000000085900000, 0x0000000085a00000, 0x0000000085a00000|100%| O|  |TAMS 0x0000000085a00000, 0x0000000085a00000| Untracked 
|  90|0x0000000085a00000, 0x0000000085b00000, 0x0000000085b00000|100%| O|  |TAMS 0x0000000085b00000, 0x0000000085b00000| Untracked 
|  91|0x0000000085b00000, 0x0000000085c00000, 0x0000000085c00000|100%| O|  |TAMS 0x0000000085c00000, 0x0000000085c00000| Untracked 
|  92|0x0000000085c00000, 0x0000000085d00000, 0x0000000085d00000|100%| O|  |TAMS 0x0000000085d00000, 0x0000000085d00000| Untracked 
|  93|0x0000000085d00000, 0x0000000085e00000, 0x0000000085e00000|100%| O|  |TAMS 0x0000000085e00000, 0x0000000085e00000| Untracked 
|  94|0x0000000085e00000, 0x0000000085f00000, 0x0000000085f00000|100%| O|  |TAMS 0x0000000085ef6a00, 0x0000000085f00000| Untracked 
|  95|0x0000000085f00000, 0x0000000086000000, 0x0000000086000000|100%| O|  |TAMS 0x0000000086000000, 0x0000000086000000| Untracked 
|  96|0x0000000086000000, 0x0000000086000000, 0x0000000086100000|  0%| F|  |TAMS 0x0000000086000000, 0x0000000086000000| Untracked 
|  97|0x0000000086100000, 0x0000000086200000, 0x0000000086200000|100%| O|  |TAMS 0x0000000086200000, 0x0000000086200000| Untracked 
|  98|0x0000000086200000, 0x0000000086200000, 0x0000000086300000|  0%| F|  |TAMS 0x0000000086200000, 0x0000000086200000| Untracked 
|  99|0x0000000086300000, 0x0000000086400000, 0x0000000086400000|100%| O|  |TAMS 0x0000000086400000, 0x0000000086400000| Untracked 
| 100|0x0000000086400000, 0x0000000086400000, 0x0000000086500000|  0%| F|  |TAMS 0x0000000086400000, 0x0000000086400000| Untracked 
| 101|0x0000000086500000, 0x0000000086500000, 0x0000000086600000|  0%| F|  |TAMS 0x0000000086500000, 0x0000000086500000| Untracked 
| 102|0x0000000086600000, 0x0000000086700000, 0x0000000086700000|100%| O|  |TAMS 0x0000000086700000, 0x0000000086700000| Untracked 
| 103|0x0000000086700000, 0x0000000086800000, 0x0000000086800000|100%| O|  |TAMS 0x0000000086800000, 0x0000000086800000| Untracked 
| 104|0x0000000086800000, 0x0000000086800000, 0x0000000086900000|  0%| F|  |TAMS 0x0000000086800000, 0x0000000086800000| Untracked 
| 105|0x0000000086900000, 0x0000000086900000, 0x0000000086a00000|  0%| F|  |TAMS 0x0000000086900000, 0x0000000086900000| Untracked 
| 106|0x0000000086a00000, 0x0000000086a00000, 0x0000000086b00000|  0%| F|  |TAMS 0x0000000086a00000, 0x0000000086a00000| Untracked 
| 107|0x0000000086b00000, 0x0000000086b00000, 0x0000000086c00000|  0%| F|  |TAMS 0x0000000086b00000, 0x0000000086b00000| Untracked 
| 108|0x0000000086c00000, 0x0000000086c00000, 0x0000000086d00000|  0%| F|  |TAMS 0x0000000086c00000, 0x0000000086c00000| Untracked 
| 109|0x0000000086d00000, 0x0000000086d00000, 0x0000000086e00000|  0%| F|  |TAMS 0x0000000086d00000, 0x0000000086d00000| Untracked 
| 110|0x0000000086e00000, 0x0000000086e00000, 0x0000000086f00000|  0%| F|  |TAMS 0x0000000086e00000, 0x0000000086e00000| Untracked 
| 111|0x0000000086f00000, 0x0000000086f00000, 0x0000000087000000|  0%| F|  |TAMS 0x0000000086f00000, 0x0000000086f00000| Untracked 
| 112|0x0000000087000000, 0x0000000087000000, 0x0000000087100000|  0%| F|  |TAMS 0x0000000087000000, 0x0000000087000000| Untracked 
| 113|0x0000000087100000, 0x0000000087100000, 0x0000000087200000|  0%| F|  |TAMS 0x0000000087100000, 0x0000000087100000| Untracked 
| 114|0x0000000087200000, 0x0000000087200000, 0x0000000087300000|  0%| F|  |TAMS 0x0000000087200000, 0x0000000087200000| Untracked 
| 115|0x0000000087300000, 0x0000000087300000, 0x0000000087400000|  0%| F|  |TAMS 0x0000000087300000, 0x0000000087300000| Untracked 
| 116|0x0000000087400000, 0x0000000087500000, 0x0000000087500000|100%| O|  |TAMS 0x0000000087500000, 0x0000000087500000| Untracked 
| 117|0x0000000087500000, 0x0000000087500000, 0x0000000087600000|  0%| F|  |TAMS 0x0000000087500000, 0x0000000087500000| Untracked 
| 118|0x0000000087600000, 0x0000000087700000, 0x0000000087700000|100%| O|  |TAMS 0x0000000087700000, 0x0000000087700000| Untracked 
| 119|0x0000000087700000, 0x0000000087800000, 0x0000000087800000|100%| O|  |TAMS 0x0000000087800000, 0x0000000087800000| Untracked 
| 120|0x0000000087800000, 0x0000000087800000, 0x0000000087900000|  0%| F|  |TAMS 0x0000000087800000, 0x0000000087800000| Untracked 
| 121|0x0000000087900000, 0x0000000087900000, 0x0000000087a00000|  0%| F|  |TAMS 0x0000000087900000, 0x0000000087900000| Untracked 
| 122|0x0000000087a00000, 0x0000000087a00000, 0x0000000087b00000|  0%| F|  |TAMS 0x0000000087a00000, 0x0000000087a00000| Untracked 
| 123|0x0000000087b00000, 0x0000000087c00000, 0x0000000087c00000|100%| O|  |TAMS 0x0000000087c00000, 0x0000000087c00000| Untracked 
| 124|0x0000000087c00000, 0x0000000087c00000, 0x0000000087d00000|  0%| F|  |TAMS 0x0000000087c00000, 0x0000000087c00000| Untracked 
| 125|0x0000000087d00000, 0x0000000087d00000, 0x0000000087e00000|  0%| F|  |TAMS 0x0000000087d00000, 0x0000000087d00000| Untracked 
| 126|0x0000000087e00000, 0x0000000087e00000, 0x0000000087f00000|  0%| F|  |TAMS 0x0000000087e00000, 0x0000000087e00000| Untracked 
| 127|0x0000000087f00000, 0x0000000087f00000, 0x0000000088000000|  0%| F|  |TAMS 0x0000000087f00000, 0x0000000087f00000| Untracked 
| 128|0x0000000088000000, 0x0000000088000000, 0x0000000088100000|  0%| F|  |TAMS 0x0000000088000000, 0x0000000088000000| Untracked 
| 129|0x0000000088100000, 0x0000000088100000, 0x0000000088200000|  0%| F|  |TAMS 0x0000000088100000, 0x0000000088100000| Untracked 
| 130|0x0000000088200000, 0x0000000088300000, 0x0000000088300000|100%| O|  |TAMS 0x0000000088300000, 0x0000000088300000| Untracked 
| 131|0x0000000088300000, 0x0000000088300000, 0x0000000088400000|  0%| F|  |TAMS 0x0000000088300000, 0x0000000088300000| Untracked 
| 132|0x0000000088400000, 0x0000000088400000, 0x0000000088500000|  0%| F|  |TAMS 0x0000000088400000, 0x0000000088400000| Untracked 
| 133|0x0000000088500000, 0x0000000088500000, 0x0000000088600000|  0%| F|  |TAMS 0x0000000088500000, 0x0000000088500000| Untracked 
| 134|0x0000000088600000, 0x0000000088600000, 0x0000000088700000|  0%| F|  |TAMS 0x0000000088600000, 0x0000000088600000| Untracked 
| 135|0x0000000088700000, 0x0000000088700000, 0x0000000088800000|  0%| F|  |TAMS 0x0000000088700000, 0x0000000088700000| Untracked 
| 136|0x0000000088800000, 0x0000000088800000, 0x0000000088900000|  0%| F|  |TAMS 0x0000000088800000, 0x0000000088800000| Untracked 
| 137|0x0000000088900000, 0x0000000088900000, 0x0000000088a00000|  0%| F|  |TAMS 0x0000000088900000, 0x0000000088900000| Untracked 
| 138|0x0000000088a00000, 0x0000000088a00000, 0x0000000088b00000|  0%| F|  |TAMS 0x0000000088a00000, 0x0000000088a00000| Untracked 
| 139|0x0000000088b00000, 0x0000000088b00000, 0x0000000088c00000|  0%| F|  |TAMS 0x0000000088b00000, 0x0000000088b00000| Untracked 
| 140|0x0000000088c00000, 0x0000000088c00000, 0x0000000088d00000|  0%| F|  |TAMS 0x0000000088c00000, 0x0000000088c00000| Untracked 
| 141|0x0000000088d00000, 0x0000000088d00000, 0x0000000088e00000|  0%| F|  |TAMS 0x0000000088d00000, 0x0000000088d00000| Untracked 
| 142|0x0000000088e00000, 0x0000000088f00000, 0x0000000088f00000|100%| O|  |TAMS 0x0000000088f00000, 0x0000000088f00000| Untracked 
| 143|0x0000000088f00000, 0x0000000089000000, 0x0000000089000000|100%| O|  |TAMS 0x0000000089000000, 0x0000000089000000| Untracked 
| 144|0x0000000089000000, 0x0000000089100000, 0x0000000089100000|100%| O|  |TAMS 0x0000000089100000, 0x0000000089100000| Untracked 
| 145|0x0000000089100000, 0x0000000089200000, 0x0000000089200000|100%| O|  |TAMS 0x0000000089200000, 0x0000000089200000| Untracked 
| 146|0x0000000089200000, 0x0000000089300000, 0x0000000089300000|100%| O|  |TAMS 0x0000000089300000, 0x0000000089300000| Untracked 
| 147|0x0000000089300000, 0x0000000089400000, 0x0000000089400000|100%| O|  |TAMS 0x0000000089400000, 0x0000000089400000| Untracked 
| 148|0x0000000089400000, 0x0000000089500000, 0x0000000089500000|100%| O|  |TAMS 0x0000000089500000, 0x0000000089500000| Untracked 
| 149|0x0000000089500000, 0x0000000089600000, 0x0000000089600000|100%| O|  |TAMS 0x0000000089600000, 0x0000000089600000| Untracked 
| 150|0x0000000089600000, 0x0000000089700000, 0x0000000089700000|100%| O|  |TAMS 0x0000000089700000, 0x0000000089700000| Untracked 
| 151|0x0000000089700000, 0x0000000089800000, 0x0000000089800000|100%| O|  |TAMS 0x0000000089800000, 0x0000000089800000| Untracked 
| 152|0x0000000089800000, 0x0000000089900000, 0x0000000089900000|100%| O|  |TAMS 0x0000000089900000, 0x0000000089900000| Untracked 
| 153|0x0000000089900000, 0x0000000089900000, 0x0000000089a00000|  0%| F|  |TAMS 0x0000000089900000, 0x0000000089900000| Untracked 
| 154|0x0000000089a00000, 0x0000000089a00000, 0x0000000089b00000|  0%| F|  |TAMS 0x0000000089a00000, 0x0000000089a00000| Untracked 
| 155|0x0000000089b00000, 0x0000000089b00000, 0x0000000089c00000|  0%| F|  |TAMS 0x0000000089b00000, 0x0000000089b00000| Untracked 
| 156|0x0000000089c00000, 0x0000000089c00000, 0x0000000089d00000|  0%| F|  |TAMS 0x0000000089c00000, 0x0000000089c00000| Untracked 
| 157|0x0000000089d00000, 0x0000000089d00000, 0x0000000089e00000|  0%| F|  |TAMS 0x0000000089d00000, 0x0000000089d00000| Untracked 
| 158|0x0000000089e00000, 0x0000000089e00000, 0x0000000089f00000|  0%| F|  |TAMS 0x0000000089e00000, 0x0000000089e00000| Untracked 
| 159|0x0000000089f00000, 0x0000000089f00000, 0x000000008a000000|  0%| F|  |TAMS 0x0000000089f00000, 0x0000000089f00000| Untracked 
| 160|0x000000008a000000, 0x000000008a000000, 0x000000008a100000|  0%| F|  |TAMS 0x000000008a000000, 0x000000008a000000| Untracked 
| 161|0x000000008a100000, 0x000000008a100000, 0x000000008a200000|  0%| F|  |TAMS 0x000000008a100000, 0x000000008a100000| Untracked 
| 162|0x000000008a200000, 0x000000008a200000, 0x000000008a300000|  0%| F|  |TAMS 0x000000008a200000, 0x000000008a200000| Untracked 
| 163|0x000000008a300000, 0x000000008a300000, 0x000000008a400000|  0%| F|  |TAMS 0x000000008a300000, 0x000000008a300000| Untracked 
| 164|0x000000008a400000, 0x000000008a400000, 0x000000008a500000|  0%| F|  |TAMS 0x000000008a400000, 0x000000008a400000| Untracked 
| 165|0x000000008a500000, 0x000000008a500000, 0x000000008a600000|  0%| F|  |TAMS 0x000000008a500000, 0x000000008a500000| Untracked 
| 166|0x000000008a600000, 0x000000008a600000, 0x000000008a700000|  0%| F|  |TAMS 0x000000008a600000, 0x000000008a600000| Untracked 
| 167|0x000000008a700000, 0x000000008a700000, 0x000000008a800000|  0%| F|  |TAMS 0x000000008a700000, 0x000000008a700000| Untracked 
| 168|0x000000008a800000, 0x000000008a800000, 0x000000008a900000|  0%| F|  |TAMS 0x000000008a800000, 0x000000008a800000| Untracked 
| 169|0x000000008a900000, 0x000000008a900000, 0x000000008aa00000|  0%| F|  |TAMS 0x000000008a900000, 0x000000008a900000| Untracked 
| 170|0x000000008aa00000, 0x000000008aa00000, 0x000000008ab00000|  0%| F|  |TAMS 0x000000008aa00000, 0x000000008aa00000| Untracked 
| 171|0x000000008ab00000, 0x000000008ab00000, 0x000000008ac00000|  0%| F|  |TAMS 0x000000008ab00000, 0x000000008ab00000| Untracked 
| 172|0x000000008ac00000, 0x000000008ac00000, 0x000000008ad00000|  0%| F|  |TAMS 0x000000008ac00000, 0x000000008ac00000| Untracked 
| 173|0x000000008ad00000, 0x000000008ad00000, 0x000000008ae00000|  0%| F|  |TAMS 0x000000008ad00000, 0x000000008ad00000| Untracked 
| 174|0x000000008ae00000, 0x000000008ae00000, 0x000000008af00000|  0%| F|  |TAMS 0x000000008ae00000, 0x000000008ae00000| Untracked 
| 175|0x000000008af00000, 0x000000008af00000, 0x000000008b000000|  0%| F|  |TAMS 0x000000008af00000, 0x000000008af00000| Untracked 
| 176|0x000000008b000000, 0x000000008b000000, 0x000000008b100000|  0%| F|  |TAMS 0x000000008b000000, 0x000000008b000000| Untracked 
| 177|0x000000008b100000, 0x000000008b100000, 0x000000008b200000|  0%| F|  |TAMS 0x000000008b100000, 0x000000008b100000| Untracked 
| 178|0x000000008b200000, 0x000000008b200000, 0x000000008b300000|  0%| F|  |TAMS 0x000000008b200000, 0x000000008b200000| Untracked 
| 179|0x000000008b300000, 0x000000008b300000, 0x000000008b400000|  0%| F|  |TAMS 0x000000008b300000, 0x000000008b300000| Untracked 
| 180|0x000000008b400000, 0x000000008b400000, 0x000000008b500000|  0%| F|  |TAMS 0x000000008b400000, 0x000000008b400000| Untracked 
| 181|0x000000008b500000, 0x000000008b521540, 0x000000008b600000| 13%| S|  |TAMS 0x000000008b500000, 0x000000008b500000| Complete 
| 182|0x000000008b600000, 0x000000008b700000, 0x000000008b700000|100%| E|CS|TAMS 0x000000008b600000, 0x000000008b700000| Complete 
| 183|0x000000008b700000, 0x000000008b800000, 0x000000008b800000|100%| E|CS|TAMS 0x000000008b700000, 0x000000008b800000| Complete 
| 184|0x000000008b800000, 0x000000008b900000, 0x000000008b900000|100%| E|CS|TAMS 0x000000008b800000, 0x000000008b900000| Complete 
| 185|0x000000008b900000, 0x000000008ba00000, 0x000000008ba00000|100%| E|CS|TAMS 0x000000008b900000, 0x000000008ba00000| Complete 
| 186|0x000000008ba00000, 0x000000008bb00000, 0x000000008bb00000|100%| E|CS|TAMS 0x000000008ba00000, 0x000000008bb00000| Complete 
| 187|0x000000008bb00000, 0x000000008bc00000, 0x000000008bc00000|100%| E|CS|TAMS 0x000000008bb00000, 0x000000008bc00000| Complete 
| 188|0x000000008bc00000, 0x000000008bd00000, 0x000000008bd00000|100%| E|CS|TAMS 0x000000008bc00000, 0x000000008bd00000| Complete 
| 189|0x000000008bd00000, 0x000000008be00000, 0x000000008be00000|100%| E|CS|TAMS 0x000000008bd00000, 0x000000008be00000| Complete 
| 190|0x000000008be00000, 0x000000008bf00000, 0x000000008bf00000|100%| E|CS|TAMS 0x000000008be00000, 0x000000008bf00000| Complete 
| 191|0x000000008bf00000, 0x000000008c000000, 0x000000008c000000|100%| E|CS|TAMS 0x000000008bf00000, 0x000000008c000000| Complete 
| 192|0x000000008c000000, 0x000000008c100000, 0x000000008c100000|100%| E|CS|TAMS 0x000000008c000000, 0x000000008c100000| Complete 
| 193|0x000000008c100000, 0x000000008c200000, 0x000000008c200000|100%| E|CS|TAMS 0x000000008c100000, 0x000000008c200000| Complete 
| 194|0x000000008c200000, 0x000000008c300000, 0x000000008c300000|100%| E|CS|TAMS 0x000000008c200000, 0x000000008c300000| Complete 
| 195|0x000000008c300000, 0x000000008c400000, 0x000000008c400000|100%| E|CS|TAMS 0x000000008c300000, 0x000000008c400000| Complete 
| 196|0x000000008c400000, 0x000000008c500000, 0x000000008c500000|100%| E|CS|TAMS 0x000000008c400000, 0x000000008c500000| Complete 
| 197|0x000000008c500000, 0x000000008c600000, 0x000000008c600000|100%| E|CS|TAMS 0x000000008c500000, 0x000000008c600000| Complete 
| 198|0x000000008c600000, 0x000000008c700000, 0x000000008c700000|100%| E|CS|TAMS 0x000000008c600000, 0x000000008c700000| Complete 
| 199|0x000000008c700000, 0x000000008c800000, 0x000000008c800000|100%| E|CS|TAMS 0x000000008c700000, 0x000000008c800000| Complete 
| 200|0x000000008c800000, 0x000000008c900000, 0x000000008c900000|100%| E|CS|TAMS 0x000000008c800000, 0x000000008c900000| Complete 
| 201|0x000000008c900000, 0x000000008ca00000, 0x000000008ca00000|100%| E|CS|TAMS 0x000000008c900000, 0x000000008ca00000| Complete 
| 202|0x000000008ca00000, 0x000000008cb00000, 0x000000008cb00000|100%| E|CS|TAMS 0x000000008ca00000, 0x000000008cb00000| Complete 
| 203|0x000000008cb00000, 0x000000008cc00000, 0x000000008cc00000|100%| E|CS|TAMS 0x000000008cb00000, 0x000000008cc00000| Complete 
| 204|0x000000008cc00000, 0x000000008cd00000, 0x000000008cd00000|100%| E|CS|TAMS 0x000000008cc00000, 0x000000008cd00000| Complete 
| 205|0x000000008cd00000, 0x000000008ce00000, 0x000000008ce00000|100%| E|CS|TAMS 0x000000008cd00000, 0x000000008ce00000| Complete 
| 206|0x000000008ce00000, 0x000000008cf00000, 0x000000008cf00000|100%| E|CS|TAMS 0x000000008ce00000, 0x000000008cf00000| Complete 
| 207|0x000000008cf00000, 0x000000008d000000, 0x000000008d000000|100%| E|CS|TAMS 0x000000008cf00000, 0x000000008d000000| Complete 
| 208|0x000000008d000000, 0x000000008d100000, 0x000000008d100000|100%| E|CS|TAMS 0x000000008d000000, 0x000000008d100000| Complete 
| 209|0x000000008d100000, 0x000000008d200000, 0x000000008d200000|100%| E|CS|TAMS 0x000000008d100000, 0x000000008d200000| Complete 
| 210|0x000000008d200000, 0x000000008d300000, 0x000000008d300000|100%| E|CS|TAMS 0x000000008d200000, 0x000000008d300000| Complete 
| 211|0x000000008d300000, 0x000000008d400000, 0x000000008d400000|100%| E|CS|TAMS 0x000000008d300000, 0x000000008d400000| Complete 
| 212|0x000000008d400000, 0x000000008d500000, 0x000000008d500000|100%| E|CS|TAMS 0x000000008d400000, 0x000000008d500000| Complete 
| 213|0x000000008d500000, 0x000000008d600000, 0x000000008d600000|100%| E|CS|TAMS 0x000000008d500000, 0x000000008d600000| Complete 
| 214|0x000000008d600000, 0x000000008d700000, 0x000000008d700000|100%| E|CS|TAMS 0x000000008d600000, 0x000000008d700000| Complete 
| 215|0x000000008d700000, 0x000000008d800000, 0x000000008d800000|100%| E|CS|TAMS 0x000000008d700000, 0x000000008d800000| Complete 
| 216|0x000000008d800000, 0x000000008d900000, 0x000000008d900000|100%| E|CS|TAMS 0x000000008d800000, 0x000000008d900000| Complete 
| 217|0x000000008d900000, 0x000000008da00000, 0x000000008da00000|100%| E|CS|TAMS 0x000000008d900000, 0x000000008da00000| Complete 
| 218|0x000000008da00000, 0x000000008db00000, 0x000000008db00000|100%| E|CS|TAMS 0x000000008da00000, 0x000000008db00000| Complete 
| 219|0x000000008db00000, 0x000000008dc00000, 0x000000008dc00000|100%| E|CS|TAMS 0x000000008db00000, 0x000000008dc00000| Complete 
| 220|0x000000008dc00000, 0x000000008dd00000, 0x000000008dd00000|100%| E|CS|TAMS 0x000000008dc00000, 0x000000008dd00000| Complete 
| 221|0x000000008dd00000, 0x000000008de00000, 0x000000008de00000|100%| E|CS|TAMS 0x000000008dd00000, 0x000000008de00000| Complete 
| 222|0x000000008de00000, 0x000000008df00000, 0x000000008df00000|100%| E|CS|TAMS 0x000000008de00000, 0x000000008df00000| Complete 
| 223|0x000000008df00000, 0x000000008e000000, 0x000000008e000000|100%| E|CS|TAMS 0x000000008df00000, 0x000000008e000000| Complete 
| 224|0x000000008e000000, 0x000000008e100000, 0x000000008e100000|100%| E|CS|TAMS 0x000000008e000000, 0x000000008e100000| Complete 
| 225|0x000000008e100000, 0x000000008e200000, 0x000000008e200000|100%| E|CS|TAMS 0x000000008e100000, 0x000000008e200000| Complete 
| 226|0x000000008e200000, 0x000000008e300000, 0x000000008e300000|100%| E|CS|TAMS 0x000000008e200000, 0x000000008e300000| Complete 
| 227|0x000000008e300000, 0x000000008e400000, 0x000000008e400000|100%| E|CS|TAMS 0x000000008e300000, 0x000000008e400000| Complete 
| 228|0x000000008e400000, 0x000000008e500000, 0x000000008e500000|100%| E|CS|TAMS 0x000000008e400000, 0x000000008e500000| Complete 
| 229|0x000000008e500000, 0x000000008e600000, 0x000000008e600000|100%| E|CS|TAMS 0x000000008e500000, 0x000000008e600000| Complete 
| 230|0x000000008e600000, 0x000000008e700000, 0x000000008e700000|100%| E|CS|TAMS 0x000000008e600000, 0x000000008e700000| Complete 
| 231|0x000000008e700000, 0x000000008e800000, 0x000000008e800000|100%| E|CS|TAMS 0x000000008e700000, 0x000000008e800000| Complete 
| 232|0x000000008e800000, 0x000000008e900000, 0x000000008e900000|100%| E|CS|TAMS 0x000000008e800000, 0x000000008e900000| Complete 
| 233|0x000000008e900000, 0x000000008ea00000, 0x000000008ea00000|100%| E|CS|TAMS 0x000000008e900000, 0x000000008ea00000| Complete 
| 234|0x000000008ea00000, 0x000000008eb00000, 0x000000008eb00000|100%| E|CS|TAMS 0x000000008ea00000, 0x000000008eb00000| Complete 
| 235|0x000000008eb00000, 0x000000008ec00000, 0x000000008ec00000|100%| E|CS|TAMS 0x000000008eb00000, 0x000000008ec00000| Complete 
| 236|0x000000008ec00000, 0x000000008ed00000, 0x000000008ed00000|100%| E|CS|TAMS 0x000000008ec00000, 0x000000008ed00000| Complete 
| 237|0x000000008ed00000, 0x000000008ee00000, 0x000000008ee00000|100%| E|CS|TAMS 0x000000008ed00000, 0x000000008ee00000| Complete 
| 238|0x000000008ee00000, 0x000000008ef00000, 0x000000008ef00000|100%| E|CS|TAMS 0x000000008ee00000, 0x000000008ef00000| Complete 
| 239|0x000000008ef00000, 0x000000008f000000, 0x000000008f000000|100%| E|CS|TAMS 0x000000008ef00000, 0x000000008f000000| Complete 
| 240|0x000000008f000000, 0x000000008f100000, 0x000000008f100000|100%| E|CS|TAMS 0x000000008f000000, 0x000000008f100000| Complete 
| 241|0x000000008f100000, 0x000000008f200000, 0x000000008f200000|100%| E|CS|TAMS 0x000000008f100000, 0x000000008f200000| Complete 
| 242|0x000000008f200000, 0x000000008f300000, 0x000000008f300000|100%| E|CS|TAMS 0x000000008f200000, 0x000000008f300000| Complete 
| 243|0x000000008f300000, 0x000000008f400000, 0x000000008f400000|100%| E|CS|TAMS 0x000000008f300000, 0x000000008f400000| Complete 
| 244|0x000000008f400000, 0x000000008f500000, 0x000000008f500000|100%| E|CS|TAMS 0x000000008f400000, 0x000000008f500000| Complete 
| 245|0x000000008f500000, 0x000000008f5cf738, 0x000000008f600000| 81%| E|CS|TAMS 0x000000008f500000, 0x000000008f5cf738| Complete 
| 246|0x000000008f600000, 0x000000008f700000, 0x000000008f700000|100%| E|CS|TAMS 0x000000008f600000, 0x000000008f700000| Complete 
| 247|0x000000008f700000, 0x000000008f800000, 0x000000008f800000|100%| E|CS|TAMS 0x000000008f700000, 0x000000008f800000| Complete 
| 248|0x000000008f800000, 0x000000008f900000, 0x000000008f900000|100%| E|CS|TAMS 0x000000008f800000, 0x000000008f900000| Complete 
| 249|0x000000008f900000, 0x000000008fa00000, 0x000000008fa00000|100%| E|CS|TAMS 0x000000008f900000, 0x000000008fa00000| Complete 
| 250|0x000000008fa00000, 0x000000008fb00000, 0x000000008fb00000|100%| E|CS|TAMS 0x000000008fa00000, 0x000000008fb00000| Complete 
| 251|0x000000008fb00000, 0x000000008fc00000, 0x000000008fc00000|100%| E|CS|TAMS 0x000000008fb00000, 0x000000008fc00000| Complete 
| 252|0x000000008fc00000, 0x000000008fd00000, 0x000000008fd00000|100%| E|CS|TAMS 0x000000008fc00000, 0x000000008fd00000| Complete 
| 253|0x000000008fd00000, 0x000000008fe00000, 0x000000008fe00000|100%| E|CS|TAMS 0x000000008fd00000, 0x000000008fe00000| Complete 
| 254|0x000000008fe00000, 0x000000008ff00000, 0x000000008ff00000|100%| E|CS|TAMS 0x000000008fe00000, 0x000000008ff00000| Complete 
| 255|0x000000008ff00000, 0x0000000090000000, 0x0000000090000000|100%| E|CS|TAMS 0x000000008ff00000, 0x0000000090000000| Complete 

Card table byte_map: [0x00000134a6b80000,0x00000134a6f80000] _byte_map_base: 0x00000134a6780000

Marking Bits (Prev, Next): (CMBitMap*) 0x0000013491840e20, (CMBitMap*) 0x0000013491840de8
 Prev Bits: [0x00000134a9380000, 0x00000134ab380000)
 Next Bits: [0x00000134a7380000, 0x00000134a9380000)

Polling page: 0x0000013493090000

Metaspace:

Usage:
  Non-class:    111.58 MB capacity,   108.49 MB ( 97%) used,     2.54 MB (  2%) free+waste,   570.06 KB ( <1%) overhead. 
      Class:     16.98 MB capacity,    15.28 MB ( 90%) used,     1.46 MB (  9%) free+waste,   249.88 KB (  1%) overhead. 
       Both:    128.56 MB capacity,   123.76 MB ( 96%) used,     4.00 MB (  3%) free+waste,   819.94 KB ( <1%) overhead. 

Virtual space:
  Non-class space:      112.00 MB reserved,     111.75 MB (>99%) committed 
      Class space:        1.00 GB reserved,      17.15 MB (  2%) committed 
             Both:        1.11 GB reserved,     128.90 MB ( 11%) committed 

Chunk freelists:
   Non-Class:  109.00 KB
       Class:  79.00 KB
        Both:  188.00 KB

MaxMetaspaceSize: 17179869184.00 GB
CompressedClassSpaceSize: 1.00 GB
Initial GC threshold: 20.80 MB
Current GC threshold: 214.83 MB
CDS: off

CodeHeap 'non-profiled nmethods': size=120000Kb used=24948Kb max_used=24948Kb free=95052Kb
 bounds [0x000001349e5b0000, 0x000001349fe10000, 0x00000134a5ae0000]
CodeHeap 'profiled nmethods': size=120000Kb used=54922Kb max_used=55387Kb free=65077Kb
 bounds [0x0000013497080000, 0x000001349a780000, 0x000001349e5b0000]
CodeHeap 'non-nmethods': size=5760Kb used=2455Kb max_used=2532Kb free=3304Kb
 bounds [0x0000013496ae0000, 0x0000013496d80000, 0x0000013497080000]
 total_blobs=26266 nmethods=25283 adapters=894
 compilation: enabled
              stopped_count=0, restarted_count=0
 full_count=0

Compilation events (20 events):
Event: 7320.130 Thread 0x00000134ae95f800 nmethod 29581 0x000001349fe04d90 code [0x000001349fe04f40, 0x000001349fe04ff8]
Event: 7320.141 Thread 0x00000134ae95f800 29583       3       org.gradle.api.internal.artifacts.ivyservice.resolveengine.oldresult.ResolutionFailureCollector::complete (157 bytes)
Event: 7320.142 Thread 0x00000134b01c2800 nmethod 29577 0x000001349fe05090 code [0x000001349fe05320, 0x000001349fe07310]
Event: 7320.142 Thread 0x00000134b01c2800 29579       4       java.lang.ref.SoftReference::get (29 bytes)
Event: 7320.142 Thread 0x00000134ae95f800 nmethod 29583 0x0000013497cf1d10 code [0x0000013497cf2060, 0x0000013497cf3668]
Event: 7320.142 Thread 0x00000134b01c2800 nmethod 29579 0x000001349fe08010 code [0x000001349fe081a0, 0x000001349fe08258]
Event: 7320.142 Thread 0x00000134b01c2800 29582       4       org.gradle.api.internal.DefaultDomainObjectCollection::all (119 bytes)
Event: 7320.146 Thread 0x00000134ae95f800 29584       3       org.gradle.api.internal.provider.Collectors$SingleElement::<init> (10 bytes)
Event: 7320.146 Thread 0x00000134ae95f800 nmethod 29584 0x0000013498bea790 code [0x0000013498bea940, 0x0000013498beaaf8]
Event: 7320.175 Thread 0x00000134b01c2800 nmethod 29582 0x000001349fe08310 code [0x000001349fe08640, 0x000001349fe0a3c0]
Event: 7320.175 Thread 0x00000134b01c2800 29586       4       org.gradle.api.internal.tasks.properties.bean.AbstractNestedRuntimeBeanNode$BeanPropertyValue::getTaskDependencies (38 bytes)
Event: 7320.177 Thread 0x00000134b01c2800 nmethod 29586 0x000001349fe0b810 code [0x000001349fe0b9c0, 0x000001349fe0bc28]
Event: 7320.177 Thread 0x00000134b01c2800 29580       4       com.android.build.api.variant.impl.ApplicationVariantImpl_Decorated::getName (40 bytes)
Event: 7320.179 Thread 0x00000134b01c2800 nmethod 29580 0x000001349fe0be10 code [0x000001349fe0bfc0, 0x000001349fe0c0d8]
Event: 7320.179 Thread 0x00000134b01c2800 29587   !   4       org.gradle.internal.io.ClassLoaderObjectInputStream::resolveClass (20 bytes)
Event: 7320.180 Thread 0x00000134b01c2800 nmethod 29587 0x000001349fe0c290 code [0x000001349fe0c440, 0x000001349fe0c558]
Event: 7320.180 Thread 0x00000134b01c2800 29585       4       org.gradle.api.DefaultTask::getOutputs (5 bytes)
Event: 7320.181 Thread 0x00000134b01c2800 nmethod 29585 0x000001349fe0c690 code [0x000001349fe0c820, 0x000001349fe0c898]
Event: 7320.181 Thread 0x00000134b01c2800 29588       4       org.gradle.cache.internal.btree.BTreePersistentIndexedCache$HeaderBlock::getRoot (8 bytes)
Event: 7320.183 Thread 0x00000134b01c2800 nmethod 29588 0x000001349fe0c990 code [0x000001349fe0cb40, 0x000001349fe0cda8]

GC Heap History (20 events):
Event: 3548.898 GC heap after
{Heap after GC invocations=118 (full 0):
 garbage-first heap   total 262144K, used 111103K [0x0000000080000000, 0x0000000100000000)
  region size 1024K, 2 young (2048K), 2 survivors (2048K)
 Metaspace       used 126577K, capacity 131516K, committed 131992K, reserved 1163264K
  class space    used 15641K, capacity 17386K, committed 17560K, reserved 1048576K
}
Event: 3548.922 GC heap before
{Heap before GC invocations=118 (full 0):
 garbage-first heap   total 262144K, used 118271K [0x0000000080000000, 0x0000000100000000)
  region size 1024K, 11 young (11264K), 2 survivors (2048K)
 Metaspace       used 126582K, capacity 131516K, committed 131992K, reserved 1163264K
  class space    used 15641K, capacity 17386K, committed 17560K, reserved 1048576K
}
Event: 3548.924 GC heap after
{Heap after GC invocations=119 (full 0):
 garbage-first heap   total 262144K, used 111180K [0x0000000080000000, 0x0000000100000000)
  region size 1024K, 2 young (2048K), 2 survivors (2048K)
 Metaspace       used 126582K, capacity 131516K, committed 131992K, reserved 1163264K
  class space    used 15641K, capacity 17386K, committed 17560K, reserved 1048576K
}
Event: 3562.706 GC heap before
{Heap before GC invocations=120 (full 0):
 garbage-first heap   total 262144K, used 148044K [0x0000000080000000, 0x0000000100000000)
  region size 1024K, 25 young (25600K), 2 survivors (2048K)
 Metaspace       used 126610K, capacity 131516K, committed 131992K, reserved 1163264K
  class space    used 15641K, capacity 17386K, committed 17560K, reserved 1048576K
}
Event: 3562.708 GC heap after
{Heap after GC invocations=121 (full 0):
 garbage-first heap   total 262144K, used 112178K [0x0000000080000000, 0x0000000100000000)
  region size 1024K, 3 young (3072K), 3 survivors (3072K)
 Metaspace       used 126610K, capacity 131516K, committed 131992K, reserved 1163264K
  class space    used 15641K, capacity 17386K, committed 17560K, reserved 1048576K
}
Event: 3562.739 GC heap before
{Heap before GC invocations=121 (full 0):
 garbage-first heap   total 262144K, used 121394K [0x0000000080000000, 0x0000000100000000)
  region size 1024K, 12 young (12288K), 3 survivors (3072K)
 Metaspace       used 126612K, capacity 131516K, committed 131992K, reserved 1163264K
  class space    used 15641K, capacity 17386K, committed 17560K, reserved 1048576K
}
Event: 3562.743 GC heap after
{Heap after GC invocations=122 (full 0):
 garbage-first heap   total 262144K, used 112831K [0x0000000080000000, 0x0000000100000000)
  region size 1024K, 2 young (2048K), 2 survivors (2048K)
 Metaspace       used 126612K, capacity 131516K, committed 131992K, reserved 1163264K
  class space    used 15641K, capacity 17386K, committed 17560K, reserved 1048576K
}
Event: 3562.837 GC heap before
{Heap before GC invocations=122 (full 0):
 garbage-first heap   total 262144K, used 140479K [0x0000000080000000, 0x0000000100000000)
  region size 1024K, 30 young (30720K), 2 survivors (2048K)
 Metaspace       used 126622K, capacity 131580K, committed 131992K, reserved 1163264K
  class space    used 15641K, capacity 17386K, committed 17560K, reserved 1048576K
}
Event: 3562.847 GC heap after
{Heap after GC invocations=123 (full 0):
 garbage-first heap   total 262144K, used 115916K [0x0000000080000000, 0x0000000100000000)
  region size 1024K, 4 young (4096K), 4 survivors (4096K)
 Metaspace       used 126622K, capacity 131580K, committed 131992K, reserved 1163264K
  class space    used 15641K, capacity 17386K, committed 17560K, reserved 1048576K
}
Event: 3563.089 GC heap before
{Heap before GC invocations=124 (full 0):
 garbage-first heap   total 262144K, used 148684K [0x0000000080000000, 0x0000000100000000)
  region size 1024K, 37 young (37888K), 4 survivors (4096K)
 Metaspace       used 126623K, capacity 131580K, committed 131992K, reserved 1163264K
  class space    used 15641K, capacity 17386K, committed 17560K, reserved 1048576K
}
Event: 3563.093 GC heap after
{Heap after GC invocations=125 (full 0):
 garbage-first heap   total 262144K, used 117935K [0x0000000080000000, 0x0000000100000000)
  region size 1024K, 5 young (5120K), 5 survivors (5120K)
 Metaspace       used 126623K, capacity 131580K, committed 131992K, reserved 1163264K
  class space    used 15641K, capacity 17386K, committed 17560K, reserved 1048576K
}
Event: 3563.576 GC heap before
{Heap before GC invocations=125 (full 0):
 garbage-first heap   total 262144K, used 124079K [0x0000000080000000, 0x0000000100000000)
  region size 1024K, 12 young (12288K), 5 survivors (5120K)
 Metaspace       used 126623K, capacity 131580K, committed 131992K, reserved 1163264K
  class space    used 15641K, capacity 17386K, committed 17560K, reserved 1048576K
}
Event: 3563.580 GC heap after
{Heap after GC invocations=126 (full 0):
 garbage-first heap   total 262144K, used 110712K [0x0000000080000000, 0x0000000100000000)
  region size 1024K, 2 young (2048K), 2 survivors (2048K)
 Metaspace       used 126623K, capacity 131580K, committed 131992K, reserved 1163264K
  class space    used 15641K, capacity 17386K, committed 17560K, reserved 1048576K
}
Event: 3564.764 GC heap before
{Heap before GC invocations=126 (full 0):
 garbage-first heap   total 262144K, used 155768K [0x0000000080000000, 0x0000000100000000)
  region size 1024K, 47 young (48128K), 2 survivors (2048K)
 Metaspace       used 126652K, capacity 131581K, committed 131992K, reserved 1163264K
  class space    used 15641K, capacity 17386K, committed 17560K, reserved 1048576K
}
Event: 3564.769 GC heap after
{Heap after GC invocations=127 (full 0):
 garbage-first heap   total 262144K, used 111789K [0x0000000080000000, 0x0000000100000000)
  region size 1024K, 3 young (3072K), 3 survivors (3072K)
 Metaspace       used 126652K, capacity 131581K, committed 131992K, reserved 1163264K
  class space    used 15641K, capacity 17386K, committed 17560K, reserved 1048576K
}
Event: 4771.910 GC heap before
{Heap before GC invocations=128 (full 0):
 garbage-first heap   total 262144K, used 180397K [0x0000000080000000, 0x0000000100000000)
  region size 1024K, 57 young (58368K), 3 survivors (3072K)
 Metaspace       used 126684K, capacity 131645K, committed 131992K, reserved 1163264K
  class space    used 15642K, capacity 17386K, committed 17560K, reserved 1048576K
}
Event: 4771.912 GC heap after
{Heap after GC invocations=129 (full 0):
 garbage-first heap   total 262144K, used 110776K [0x0000000080000000, 0x0000000100000000)
  region size 1024K, 2 young (2048K), 2 survivors (2048K)
 Metaspace       used 126684K, capacity 131645K, committed 131992K, reserved 1163264K
  class space    used 15642K, capacity 17386K, committed 17560K, reserved 1048576K
}
Event: 5331.447 GC heap before
{Heap before GC invocations=129 (full 0):
 garbage-first heap   total 262144K, used 121016K [0x0000000080000000, 0x0000000100000000)
  region size 1024K, 12 young (12288K), 2 survivors (2048K)
 Metaspace       used 126698K, capacity 131645K, committed 131992K, reserved 1163264K
  class space    used 15642K, capacity 17386K, committed 17560K, reserved 1048576K
}
Event: 5331.450 GC heap after
{Heap after GC invocations=130 (full 0):
 garbage-first heap   total 262144K, used 110072K [0x0000000080000000, 0x0000000100000000)
  region size 1024K, 1 young (1024K), 1 survivors (1024K)
 Metaspace       used 126698K, capacity 131645K, committed 131992K, reserved 1163264K
  class space    used 15642K, capacity 17386K, committed 17560K, reserved 1048576K
}
Event: 7320.202 GC heap before
{Heap before GC invocations=130 (full 0):
 garbage-first heap   total 0K, used 183800K [0x0000000080000000, 0x0000000100000000)
  region size 0K, 74 young (0K), 1 survivors (0K)
 Metaspace       used 126733K, capacity 131645K, committed 131992K, reserved 1163264K
  class space    used 15642K, capacity 17386K, committed 17560K, reserved 1048576K
}

Deoptimization events (20 events):
Event: 3527.772 Thread 0x00000134af043000 DEOPT PACKING pc=0x000001349973efa1 sp=0x0000000fb5bfc200
Event: 3527.772 Thread 0x00000134af043000 DEOPT UNPACKING pc=0x0000013496b2a95e sp=0x0000000fb5bfb988 mode 0
Event: 3527.856 Thread 0x00000134af04d000 DEOPT PACKING pc=0x00000134991d976d sp=0x0000000fb62fd6e0
Event: 3527.856 Thread 0x00000134af04d000 DEOPT UNPACKING pc=0x0000013496b2a95e sp=0x0000000fb62fcb98 mode 0
Event: 3527.968 Thread 0x00000134b4faf800 DEOPT PACKING pc=0x000001349994fdcb sp=0x0000000faf5fdbd0
Event: 3527.968 Thread 0x00000134b4faf800 DEOPT UNPACKING pc=0x0000013496b2a95e sp=0x0000000faf5fd098 mode 0
Event: 3548.775 Thread 0x00000134b193f800 DEOPT PACKING pc=0x0000013499bbae07 sp=0x0000000fb5bfc400
Event: 3548.775 Thread 0x00000134b193f800 DEOPT UNPACKING pc=0x0000013496b2a95e sp=0x0000000fb5bfb990 mode 0
Event: 3548.857 Thread 0x00000134b193f000 DEOPT PACKING pc=0x000001349708d15d sp=0x0000000fb5dfd920
Event: 3548.857 Thread 0x00000134b193f000 DEOPT UNPACKING pc=0x0000013496b2a95e sp=0x0000000fb5dfce00 mode 0
Event: 3548.931 Thread 0x00000134b193e000 DEOPT PACKING pc=0x000001349a48986d sp=0x0000000fb5cfd5d0
Event: 3548.931 Thread 0x00000134b193e000 DEOPT UNPACKING pc=0x0000013496b2a95e sp=0x0000000fb5cfca48 mode 0
Event: 3564.747 Thread 0x00000134af04d000 DEOPT PACKING pc=0x0000013499b5c295 sp=0x0000000fb5ffc160
Event: 3564.747 Thread 0x00000134af04d000 DEOPT UNPACKING pc=0x0000013496b2a95e sp=0x0000000fb5ffb7c0 mode 0
Event: 3564.756 Thread 0x00000134af04d000 DEOPT PACKING pc=0x0000013499e9b7a3 sp=0x0000000fb5ffc180
Event: 3564.756 Thread 0x00000134af04d000 DEOPT UNPACKING pc=0x0000013496b2a95e sp=0x0000000fb5ffb7b0 mode 0
Event: 3564.817 Thread 0x00000134b193e000 DEOPT PACKING pc=0x0000013499da849d sp=0x0000000fb61fcd80
Event: 3564.818 Thread 0x00000134b193e000 DEOPT UNPACKING pc=0x0000013496b2a95e sp=0x0000000fb61fc270 mode 0
Event: 3564.895 Thread 0x00000134b193f800 DEOPT PACKING pc=0x000001349a48986d sp=0x0000000fb63fd400
Event: 3564.895 Thread 0x00000134b193f800 DEOPT UNPACKING pc=0x0000013496b2a95e sp=0x0000000fb63fc878 mode 0

Classes redefined (0 events):
No events

Internal exceptions (20 events):
Event: 3562.749 Thread 0x00000134b4faf800 Exception <a 'sun/nio/fs/WindowsException'{0x000000008fe5fad8}> (0x000000008fe5fad8) thrown at [./src/hotspot/share/prims/jni.cpp, line 615]
Event: 3562.752 Thread 0x00000134b4faf800 Exception <a 'sun/nio/fs/WindowsException'{0x000000008fefa908}> (0x000000008fefa908) thrown at [./src/hotspot/share/prims/jni.cpp, line 615]
Event: 3562.752 Thread 0x00000134b4faf800 Exception <a 'sun/nio/fs/WindowsException'{0x000000008fefb8c0}> (0x000000008fefb8c0) thrown at [./src/hotspot/share/prims/jni.cpp, line 615]
Event: 3562.752 Thread 0x00000134b4faf800 Exception <a 'sun/nio/fs/WindowsException'{0x000000008fefc8c8}> (0x000000008fefc8c8) thrown at [./src/hotspot/share/prims/jni.cpp, line 615]
Event: 3562.752 Thread 0x00000134b4faf800 Exception <a 'sun/nio/fs/WindowsException'{0x000000008fefd8d0}> (0x000000008fefd8d0) thrown at [./src/hotspot/share/prims/jni.cpp, line 615]
Event: 3562.774 Thread 0x00000134b4faf800 Exception <a 'sun/nio/fs/WindowsException'{0x000000008f8b7d28}> (0x000000008f8b7d28) thrown at [./src/hotspot/share/prims/jni.cpp, line 615]
Event: 3563.078 Thread 0x00000134af043000 Exception <a 'java/lang/InterruptedException'{0x000000008e450080}> (0x000000008e450080) thrown at [./src/hotspot/share/runtime/objectMonitor.cpp, line 1635]
Event: 3563.760 Thread 0x00000134af040800 Exception <a 'java/lang/InterruptedException'{0x000000008eb307a0}> (0x000000008eb307a0) thrown at [./src/hotspot/share/runtime/objectMonitor.cpp, line 1635]
Event: 3564.724 Thread 0x00000134af04d000 Exception <a 'sun/nio/fs/WindowsException'{0x000000008d9ffa28}> (0x000000008d9ffa28) thrown at [./src/hotspot/share/prims/jni.cpp, line 615]
Event: 3564.780 Thread 0x00000134af04d000 Exception <a 'sun/nio/fs/WindowsException'{0x000000008fd72d70}> (0x000000008fd72d70) thrown at [./src/hotspot/share/prims/jni.cpp, line 615]
Event: 3564.806 Thread 0x00000134b193e000 Exception <a 'sun/nio/fs/WindowsException'{0x000000008f9427e8}> (0x000000008f9427e8) thrown at [./src/hotspot/share/prims/jni.cpp, line 615]
Event: 3564.822 Thread 0x00000134b193e000 Exception <a 'sun/nio/fs/WindowsException'{0x000000008f49bbe0}> (0x000000008f49bbe0) thrown at [./src/hotspot/share/prims/jni.cpp, line 615]
Event: 3564.923 Thread 0x00000134b11ef000 Exception <a 'sun/nio/fs/WindowsException'{0x000000008e210d88}> (0x000000008e210d88) thrown at [./src/hotspot/share/prims/jni.cpp, line 615]
Event: 7319.989 Thread 0x00000134b11f6800 Exception <a 'sun/nio/fs/WindowsException'{0x000000008c8c7d88}> (0x000000008c8c7d88) thrown at [./src/hotspot/share/prims/jni.cpp, line 615]
Event: 7320.087 Thread 0x00000134b11f6800 Exception <a 'sun/nio/fs/WindowsException'{0x000000008bff9050}> (0x000000008bff9050) thrown at [./src/hotspot/share/prims/jni.cpp, line 615]
Event: 7320.104 Thread 0x00000134b11f6800 Exception <a 'sun/nio/fs/WindowsException'{0x000000008be9b500}> (0x000000008be9b500) thrown at [./src/hotspot/share/prims/jni.cpp, line 615]
Event: 7320.104 Thread 0x00000134b11f6800 Exception <a 'sun/nio/fs/WindowsException'{0x000000008be9c4a0}> (0x000000008be9c4a0) thrown at [./src/hotspot/share/prims/jni.cpp, line 615]
Event: 7320.105 Thread 0x00000134b11f6800 Exception <a 'sun/nio/fs/WindowsException'{0x000000008be9d490}> (0x000000008be9d490) thrown at [./src/hotspot/share/prims/jni.cpp, line 615]
Event: 7320.105 Thread 0x00000134b11f6800 Exception <a 'sun/nio/fs/WindowsException'{0x000000008be9e480}> (0x000000008be9e480) thrown at [./src/hotspot/share/prims/jni.cpp, line 615]
Event: 7320.170 Thread 0x00000134b11f6800 Exception <a 'sun/nio/fs/WindowsException'{0x000000008b8a3260}> (0x000000008b8a3260) thrown at [./src/hotspot/share/prims/jni.cpp, line 615]

Events (20 events):
Event: 7320.172 Thread 0x00000134b52f8800 Thread added: 0x00000134b52f8800
Event: 7320.172 Thread 0x00000134b5300800 Thread added: 0x00000134b5300800
Event: 7320.173 Thread 0x00000134b52ff000 Thread added: 0x00000134b52ff000
Event: 7320.173 Thread 0x00000134b5301800 Thread added: 0x00000134b5301800
Event: 7320.173 Thread 0x00000134b52fb800 Thread added: 0x00000134b52fb800
Event: 7320.173 Thread 0x00000134b5305800 Thread added: 0x00000134b5305800
Event: 7320.173 Thread 0x00000134b5302000 Thread added: 0x00000134b5302000
Event: 7320.173 Thread 0x00000134b4fb3800 Thread added: 0x00000134b4fb3800
Event: 7320.173 Thread 0x00000134b4fb1000 Thread added: 0x00000134b4fb1000
Event: 7320.173 Thread 0x00000134b4faf800 Thread added: 0x00000134b4faf800
Event: 7320.175 Thread 0x00000134b4fb6000 Thread added: 0x00000134b4fb6000
Event: 7320.178 Executing VM operation: RevokeBias
Event: 7320.178 Executing VM operation: RevokeBias done
Event: 7320.183 Executing VM operation: RevokeBias
Event: 7320.183 Executing VM operation: RevokeBias done
Event: 7320.184 Executing VM operation: RevokeBias
Event: 7320.184 Executing VM operation: RevokeBias done
Event: 7320.186 Executing VM operation: RevokeBias
Event: 7320.186 Executing VM operation: RevokeBias done
Event: 7320.202 Executing VM operation: G1CollectForAllocation


Dynamic libraries:
0x00007ff7043a0000 - 0x00007ff7043aa000 	C:\Program Files\Android\Android Studio\jre\bin\java.exe
0x00007ff8ac390000 - 0x00007ff8ac588000 	C:\Windows\SYSTEM32\ntdll.dll
0x00007ff8ac210000 - 0x00007ff8ac2cd000 	C:\Windows\System32\KERNEL32.DLL
0x00007ff8a9f80000 - 0x00007ff8aa24e000 	C:\Windows\System32\KERNELBASE.dll
0x00007ff8a9ab0000 - 0x00007ff8a9bb0000 	C:\Windows\System32\ucrtbase.dll
0x00007ff8a49a0000 - 0x00007ff8a49b7000 	C:\Program Files\Android\Android Studio\jre\bin\VCRUNTIME140.dll
0x00007ff89fe40000 - 0x00007ff89fe59000 	C:\Program Files\Android\Android Studio\jre\bin\jli.dll
0x00007ff8ac070000 - 0x00007ff8ac210000 	C:\Windows\System32\USER32.dll
0x00007ff8aa330000 - 0x00007ff8aa352000 	C:\Windows\System32\win32u.dll
0x00007ff8a87c0000 - 0x00007ff8a8a5a000 	C:\Windows\WinSxS\amd64_microsoft.windows.common-controls_6595b64144ccf1df_6.0.19041.1110_none_60b5254171f9507e\COMCTL32.dll
0x00007ff8ab060000 - 0x00007ff8ab08a000 	C:\Windows\System32\GDI32.dll
0x00007ff8aa470000 - 0x00007ff8aa50e000 	C:\Windows\System32\msvcrt.dll
0x00007ff8a9bb0000 - 0x00007ff8a9cbb000 	C:\Windows\System32\gdi32full.dll
0x00007ff8a9ee0000 - 0x00007ff8a9f7d000 	C:\Windows\System32\msvcp_win.dll
0x00007ff8ab340000 - 0x00007ff8ab370000 	C:\Windows\System32\IMM32.DLL
0x00007ff8728a0000 - 0x00007ff87293d000 	C:\Program Files\Android\Android Studio\jre\bin\msvcp140.dll
0x00007ff8171b0000 - 0x00007ff817c95000 	C:\Program Files\Android\Android Studio\jre\bin\server\jvm.dll
0x00007ff8aa910000 - 0x00007ff8aa9be000 	C:\Windows\System32\ADVAPI32.dll
0x00007ff8ab090000 - 0x00007ff8ab12c000 	C:\Windows\System32\sechost.dll
0x00007ff8aae40000 - 0x00007ff8aaf65000 	C:\Windows\System32\RPCRT4.dll
0x00007ff8aae30000 - 0x00007ff8aae38000 	C:\Windows\System32\PSAPI.DLL
0x00007ff8a6d80000 - 0x00007ff8a6d89000 	C:\Windows\SYSTEM32\WSOCK32.dll
0x00007ff8a7ff0000 - 0x00007ff8a8017000 	C:\Windows\SYSTEM32\WINMM.dll
0x00007ff8abfa0000 - 0x00007ff8ac00b000 	C:\Windows\System32\WS2_32.dll
0x00007ff8a1ea0000 - 0x00007ff8a1eaa000 	C:\Windows\SYSTEM32\VERSION.dll
0x00007ff8a7680000 - 0x00007ff8a7692000 	C:\Windows\SYSTEM32\kernel.appcore.dll
0x00007ff87faa0000 - 0x00007ff87fab1000 	C:\Program Files\Android\Android Studio\jre\bin\verify.dll
0x00007ff88b7e0000 - 0x00007ff88b9c4000 	C:\Windows\SYSTEM32\DBGHELP.DLL
0x00007ff88b780000 - 0x00007ff88b7ac000 	C:\Windows\SYSTEM32\dbgcore.DLL
0x00007ff8aa360000 - 0x00007ff8aa3e2000 	C:\Windows\System32\bcryptPrimitives.dll
0x00007ff872830000 - 0x00007ff872859000 	C:\Program Files\Android\Android Studio\jre\bin\java.dll
0x00007ff88d510000 - 0x00007ff88d51b000 	C:\Program Files\Android\Android Studio\jre\bin\jimage.dll
0x00007ff86d8d0000 - 0x00007ff86d8e8000 	C:\Program Files\Android\Android Studio\jre\bin\zip.dll
0x00007ff8ab850000 - 0x00007ff8abf94000 	C:\Windows\System32\SHELL32.dll
0x00007ff8a8020000 - 0x00007ff8a87b4000 	C:\Windows\SYSTEM32\windows.storage.dll
0x00007ff8ab4f0000 - 0x00007ff8ab844000 	C:\Windows\System32\combase.dll
0x00007ff8a9430000 - 0x00007ff8a9460000 	C:\Windows\SYSTEM32\Wldp.dll
0x00007ff8aa650000 - 0x00007ff8aa6fd000 	C:\Windows\System32\SHCORE.dll
0x00007ff8ab2e0000 - 0x00007ff8ab335000 	C:\Windows\System32\shlwapi.dll
0x00007ff8a99f0000 - 0x00007ff8a9a0f000 	C:\Windows\SYSTEM32\profapi.dll
0x00007ff86d8b0000 - 0x00007ff86d8ca000 	C:\Program Files\Android\Android Studio\jre\bin\net.dll
0x00007ff8a29e0000 - 0x00007ff8a2aea000 	C:\Windows\SYSTEM32\WINHTTP.dll
0x00007ff8a9210000 - 0x00007ff8a927a000 	C:\Windows\system32\mswsock.dll
0x00007ff86b9f0000 - 0x00007ff86ba04000 	C:\Program Files\Android\Android Studio\jre\bin\nio.dll
0x00007ff89fe60000 - 0x00007ff89fe87000 	C:\Users\Polina\.gradle\native\8bec1ad78214c89d9ad589b4d07fe93259594b29d510b10fafb7a158f7737e5d\windows-amd64\native-platform.dll
0x00007ff8607a0000 - 0x00007ff8608dd000 	C:\Users\Polina\.gradle\native\53dbd7edfb1c66fb8903c78663c9afc45aea4f116125fa6feffd364cf09443e8\windows-amd64\native-platform-file-events.dll
0x00007ff88d100000 - 0x00007ff88d10a000 	C:\Program Files\Android\Android Studio\jre\bin\management.dll
0x00007ff88cde0000 - 0x00007ff88cded000 	C:\Program Files\Android\Android Studio\jre\bin\management_ext.dll
0x00007ff8a9470000 - 0x00007ff8a9488000 	C:\Windows\SYSTEM32\CRYPTSP.dll
0x0000000075c70000 - 0x0000000075c89000 	C:\Program Files\Common Files\Crypto Pro\AppCompat\cpadvai.dll
0x00007ff8a8b40000 - 0x00007ff8a8b74000 	C:\Windows\system32\rsaenh.dll
0x00007ff8aa300000 - 0x00007ff8aa327000 	C:\Windows\System32\bcrypt.dll
0x00007ff8a99b0000 - 0x00007ff8a99de000 	C:\Windows\SYSTEM32\USERENV.dll
0x00007ff8a93a0000 - 0x00007ff8a93ac000 	C:\Windows\SYSTEM32\CRYPTBASE.dll
0x00007ff8a8ed0000 - 0x00007ff8a8f0b000 	C:\Windows\SYSTEM32\IPHLPAPI.DLL
0x00007ff8ab050000 - 0x00007ff8ab058000 	C:\Windows\System32\NSI.dll
0x00007ff8a3690000 - 0x00007ff8a36a7000 	C:\Windows\SYSTEM32\dhcpcsvc6.DLL
0x00007ff8a3670000 - 0x00007ff8a368d000 	C:\Windows\SYSTEM32\dhcpcsvc.DLL
0x00007ff8a8f20000 - 0x00007ff8a8feb000 	C:\Windows\SYSTEM32\DNSAPI.dll
0x00007ff89fe20000 - 0x00007ff89fe3e000 	C:\Users\Polina\AppData\Local\Temp\native-platform4857113149786996372dir\native-platform.dll
0x00007ff898c30000 - 0x00007ff898c38000 	C:\Program Files\Android\Android Studio\jre\bin\rmi.dll
0x00007ff86b3f0000 - 0x00007ff86b417000 	C:\Program Files\Android\Android Studio\jre\bin\sunec.dll

dbghelp: loaded successfully - version: 4.0.5 - missing functions: none
symbol engine: initialized successfully - sym options: 0x614 - pdb path: .;C:\Program Files\Android\Android Studio\jre\bin;C:\Windows\SYSTEM32;C:\Windows\WinSxS\amd64_microsoft.windows.common-controls_6595b64144ccf1df_6.0.19041.1110_none_60b5254171f9507e;C:\Program Files\Android\Android Studio\jre\bin\server;C:\Users\Polina\.gradle\native\8bec1ad78214c89d9ad589b4d07fe93259594b29d510b10fafb7a158f7737e5d\windows-amd64;C:\Users\Polina\.gradle\native\53dbd7edfb1c66fb8903c78663c9afc45aea4f116125fa6feffd364cf09443e8\windows-amd64;C:\Program Files\Common Files\Crypto Pro\AppCompat;C:\Users\Polina\AppData\Local\Temp\native-platform4857113149786996372dir

VM Arguments:
jvm_args: --add-opens=java.base/java.util=ALL-UNNAMED --add-opens=java.base/java.lang=ALL-UNNAMED --add-opens=java.base/java.lang.invoke=ALL-UNNAMED --add-opens=java.base/java.util=ALL-UNNAMED --add-opens=java.prefs/java.util.prefs=ALL-UNNAMED --add-opens=java.prefs/java.util.prefs=ALL-UNNAMED --add-opens=java.base/java.nio.charset=ALL-UNNAMED --add-opens=java.base/java.net=ALL-UNNAMED --add-opens=java.base/java.util.concurrent.atomic=ALL-UNNAMED -Xmx2048m -Dfile.encoding=UTF-8 -Duser.country=RU -Duser.language=ru -Duser.variant 
java_command: org.gradle.launcher.daemon.bootstrap.GradleDaemon 7.0.2
java_class_path (initial): C:\Users\Polina\.gradle\wrapper\dists\gradle-7.0.2-bin\857tjihv64xamwrf0h14cai3r\gradle-7.0.2\lib\gradle-launcher-7.0.2.jar
Launcher Type: SUN_STANDARD

[Global flags]
     intx CICompilerCount                          = 4                                         {product} {ergonomic}
     uint ConcGCThreads                            = 3                                         {product} {ergonomic}
     uint G1ConcRefinementThreads                  = 10                                        {product} {ergonomic}
   size_t G1HeapRegionSize                         = 1048576                                   {product} {ergonomic}
    uintx GCDrainStackTargetSize                   = 64                                        {product} {ergonomic}
   size_t InitialHeapSize                          = 268435456                                 {product} {ergonomic}
   size_t MarkStackSize                            = 4194304                                   {product} {ergonomic}
   size_t MaxHeapSize                              = 2147483648                                {product} {command line}
   size_t MaxNewSize                               = 1287651328                                {product} {ergonomic}
   size_t MinHeapDeltaBytes                        = 1048576                                   {product} {ergonomic}
    uintx NonNMethodCodeHeapSize                   = 5836300                                {pd product} {ergonomic}
    uintx NonProfiledCodeHeapSize                  = 122910970                              {pd product} {ergonomic}
    uintx ProfiledCodeHeapSize                     = 122910970                              {pd product} {ergonomic}
    uintx ReservedCodeCacheSize                    = 251658240                              {pd product} {ergonomic}
     bool SegmentedCodeCache                       = true                                      {product} {ergonomic}
     bool UseCompressedClassPointers               = true                                 {lp64_product} {ergonomic}
     bool UseCompressedOops                        = true                                 {lp64_product} {ergonomic}
     bool UseG1GC                                  = true                                      {product} {ergonomic}
     bool UseLargePagesIndividualAllocation        = false                                  {pd product} {ergonomic}

Logging:
Log output configuration:
 #0: stdout all=warning uptime,level,tags
 #1: stderr all=off uptime,level,tags

Environment Variables:
JAVA_HOME=C:\Program Files\Eclipse Adoptium\jdk-8.0.322.6-hotspot\
PATH=C:\Program Files\Eclipse Adoptium\jdk-8.0.322.6-hotspot\bin;C:\Program Files (x86)\Common Files\Oracle\Java\javapath;C:\Windows\system32;C:\Windows;C:\Windows\System32\Wbem;C:\Windows\System32\WindowsPowerShell\v1.0\;C:\Windows\System32\OpenSSH\;C:\Program Files (x86)\NVIDIA Corporation\PhysX\Common;C:\Program Files\dotnet\;C:\Program Files\Git\cmd;C:\Users\Polina\AppData\Local\Microsoft\WindowsApps;D:\Microsoft VS Code\bin;C:\Program Files\JetBrains\PhpStorm 2021.2\bin;;C:\Users\Polina\AppData\Local\GitHubDesktop\bin
USERNAME=Polina
OS=Windows_NT
PROCESSOR_IDENTIFIER=AMD64 Family 23 Model 113 Stepping 0, AuthenticAMD



---------------  S Y S T E M  ---------------

OS: Windows 10 , 64 bit Build 19041 (10.0.19041.1806)
OS uptime: 0 days 20:15 hours
Hyper-V role detected

CPU:total 12 (initial active 12) (12 cores per cpu, 2 threads per core) family 23 model 113 stepping 0 microcode 0x0, cmov, cx8, fxsr, mmx, sse, sse2, sse3, ssse3, sse4.1, sse4.2, popcnt, avx, avx2, aes, clmul, mmxext, 3dnowpref, lzcnt, sse4a, ht, tsc, tscinvbit, tscinv, bmi1, bmi2, adx, sha, fma

Memory: 4k page, system-wide physical 16309M (3087M free)
TotalPageFile size 28085M (AvailPageFile size 8377M)
current process WorkingSet (physical memory assigned to process): 342M, peak: 641M
current process commit charge ("private bytes"): 700M, peak: 718M

vm_info: OpenJDK 64-Bit Server VM (11.0.12+7-b1504.28-7817840) for windows-amd64 JRE (11.0.12+7-b1504.28-7817840), built on Oct 13 2021 22:12:33 by "builder" with MS VC++ 14.0 (VS2015)

END.
